INFO:__main__:Starting simulation: n=100, p=500, k=10, type=continuous
/Users/amber/opt/anaconda3/envs/hsic_lasso/lib/python3.9/site-packages/pyHSICLasso-1.4.2-py3.9.egg/pyHSICLasso/api.py:107: RuntimeWarning: B 20 must be an exact divisor of the number of samples 64. Number of blocks 3.2 will be approximated to 3.
#########################################
################ n=100, p=500, k=10, type=continuous ################
#########################################
X_train.shape: (64, 500), X_val.shape: (16, 500), X_test.shape: (20, 500)
y_train.shape: (64,), y_val.shape: (16,), y_test.shape: (20,)
Block HSIC Lasso B = 20.
M set to 3.
Using Gaussian kernel for the features, Gaussian kernel for the outcomes.
WARNING:root:Two scores are not the same: [0.1014200634536554, 0.23072161262544466]
INFO:__main__:Simulation completed successfully
INFO:__main__:Starting simulation: n=100, p=500, k=10, type=binary
/Users/amber/opt/anaconda3/envs/hsic_lasso/lib/python3.9/site-packages/pyHSICLasso-1.4.2-py3.9.egg/pyHSICLasso/api.py:107: RuntimeWarning: B 20 must be an exact divisor of the number of samples 64. Number of blocks 3.2 will be approximated to 3.
INFO:__main__:Simulation completed successfully
INFO:__main__:Starting simulation: n=100, p=500, k=20, type=continuous
/Users/amber/opt/anaconda3/envs/hsic_lasso/lib/python3.9/site-packages/pyHSICLasso-1.4.2-py3.9.egg/pyHSICLasso/api.py:107: RuntimeWarning: B 20 must be an exact divisor of the number of samples 64. Number of blocks 3.2 will be approximated to 3.
/Users/amber/opt/anaconda3/envs/hsic_lasso/lib/python3.9/site-packages/seaborn/matrix.py:560: UserWarning: Clustering large matrix with scipy. Installing `fastcluster` may give better performance.
  warnings.warn(msg)
WARNING:root:Two scores are not the same: [-0.0009329822014474409, 0.043207432365513276]
INFO:__main__:Simulation completed successfully
INFO:__main__:Starting simulation: n=100, p=500, k=20, type=binary
/Users/amber/opt/anaconda3/envs/hsic_lasso/lib/python3.9/site-packages/pyHSICLasso-1.4.2-py3.9.egg/pyHSICLasso/api.py:107: RuntimeWarning: B 20 must be an exact divisor of the number of samples 64. Number of blocks 3.2 will be approximated to 3.
/Users/amber/opt/anaconda3/envs/hsic_lasso/lib/python3.9/site-packages/seaborn/matrix.py:560: UserWarning: Clustering large matrix with scipy. Installing `fastcluster` may give better performance.
  warnings.warn(msg)
INFO:__main__:Simulation completed successfully
INFO:__main__:Starting simulation: n=100, p=500, k=50, type=continuous
/Users/amber/opt/anaconda3/envs/hsic_lasso/lib/python3.9/site-packages/pyHSICLasso-1.4.2-py3.9.egg/pyHSICLasso/api.py:107: RuntimeWarning: B 20 must be an exact divisor of the number of samples 64. Number of blocks 3.2 will be approximated to 3.
/Users/amber/opt/anaconda3/envs/hsic_lasso/lib/python3.9/site-packages/seaborn/matrix.py:560: UserWarning: Clustering large matrix with scipy. Installing `fastcluster` may give better performance.
  warnings.warn(msg)
WARNING:root:Two scores are not the same: [-0.0037962491733574133, -0.016625359754700586]
INFO:__main__:Simulation completed successfully
INFO:__main__:Starting simulation: n=100, p=500, k=50, type=binary
/Users/amber/opt/anaconda3/envs/hsic_lasso/lib/python3.9/site-packages/pyHSICLasso-1.4.2-py3.9.egg/pyHSICLasso/api.py:107: RuntimeWarning: B 20 must be an exact divisor of the number of samples 64. Number of blocks 3.2 will be approximated to 3.
/Users/amber/opt/anaconda3/envs/hsic_lasso/lib/python3.9/site-packages/seaborn/matrix.py:560: UserWarning: Clustering large matrix with scipy. Installing `fastcluster` may give better performance.
  warnings.warn(msg)
INFO:__main__:Simulation completed successfully
INFO:__main__:Starting simulation: n=1000, p=3000, k=100, type=continuous
/Users/amber/opt/anaconda3/envs/hsic_lasso/lib/python3.9/site-packages/seaborn/matrix.py:560: UserWarning: Clustering large matrix with scipy. Installing `fastcluster` may give better performance.
  warnings.warn(msg)
WARNING:root:Two scores are not the same: [0.08558219242542187, 0.1968401868963725]
INFO:__main__:Simulation completed successfully
INFO:__main__:Starting simulation: n=1000, p=3000, k=100, type=binary
Number of features selected by HSIC Lasso: 10
Average sparsity: 0.02
loss is 8.823599237972484
loss_baseline is 11.487652339567168
Mean of predictions: -0.52958083152771
Std of predictions: 1.3958662748336792
Mean of true values: -0.5479711325931331
Std of true values: 3.3867342643234735
Relative loss: 0.768
Test R2 score with n=100, p=500, k=10, type=continuous: [0.1014200634536554, 0.23072161262544466]
Test MSE: 8.824
Duration for running in the setting n=100, p=500, k=10, type=continuous: 10.92927622795105 seconds
#########################################
################ n=100, p=500, k=10, type=binary ################
#########################################
X_train.shape: (64, 500), X_val.shape: (16, 500), X_test.shape: (20, 500)
y_train.shape: (64,), y_val.shape: (16,), y_test.shape: (20,)
Block HSIC Lasso B = 20.
M set to 3.
Using Gaussian kernel for the features, Delta kernel for the outcomes.
Number of features selected by HSIC Lasso: 10
Average sparsity: 0.02
calculating cross entropy loss for categorical response
loss is 0.31375680925284544
loss_baseline is 0.3270591456150012
Relative loss: 0.959
Test accuracy with n=100, p=500, k=10, type=binary: [0.75, 0.75]
Duration for running in the setting n=100, p=500, k=10, type=binary: 3.8628780841827393 seconds
#########################################
################ n=100, p=500, k=20, type=continuous ################
#########################################
X_train.shape: (64, 500), X_val.shape: (16, 500), X_test.shape: (20, 500)
y_train.shape: (64,), y_val.shape: (16,), y_test.shape: (20,)
Block HSIC Lasso B = 20.
M set to 3.
Using Gaussian kernel for the features, Gaussian kernel for the outcomes.
Number of features selected by HSIC Lasso: 20
Average sparsity: 0.04
loss is 32.60538353680194
loss_baseline is 35.5616672230576
Mean of predictions: -0.556519627571106
Std of predictions: 1.016617774963379
Mean of true values: 0.26500144423418626
Std of true values: 5.83761917865585
Relative loss: 0.917
Test R2 score with n=100, p=500, k=20, type=continuous: [-0.0009329822014474409, 0.043207432365513276]
Test MSE: 32.605
Duration for running in the setting n=100, p=500, k=20, type=continuous: 2.9546451568603516 seconds
#########################################
################ n=100, p=500, k=20, type=binary ################
#########################################
X_train.shape: (64, 500), X_val.shape: (16, 500), X_test.shape: (20, 500)
y_train.shape: (64,), y_val.shape: (16,), y_test.shape: (20,)
Block HSIC Lasso B = 20.
M set to 3.
Using Gaussian kernel for the features, Delta kernel for the outcomes.
Number of features selected by HSIC Lasso: 20
Average sparsity: 0.04
calculating cross entropy loss for categorical response
loss is 0.5325323182158173
loss_baseline is 0.348780568810864
Relative loss: 1.527
Test accuracy with n=100, p=500, k=20, type=binary: [0.5, 0.5]
Duration for running in the setting n=100, p=500, k=20, type=binary: 3.655245065689087 seconds
#########################################
################ n=100, p=500, k=50, type=continuous ################
#########################################
X_train.shape: (64, 500), X_val.shape: (16, 500), X_test.shape: (20, 500)
y_train.shape: (64,), y_val.shape: (16,), y_test.shape: (20,)
Block HSIC Lasso B = 20.
M set to 3.
Using Gaussian kernel for the features, Gaussian kernel for the outcomes.
Number of features selected by HSIC Lasso: 50
Average sparsity: 0.1
loss is 116.97966886921287
loss_baseline is 116.83051699499144
Mean of predictions: -0.19434374570846558
Std of predictions: 2.2484023571014404
Mean of true values: 0.36766403401371744
Std of true values: 10.726912160938625
Relative loss: 1.001
Test R2 score with n=100, p=500, k=50, type=continuous: [-0.0037962491733574133, -0.016625359754700586]
Test MSE: 116.980
Duration for running in the setting n=100, p=500, k=50, type=continuous: 4.9200522899627686 seconds
#########################################
################ n=100, p=500, k=50, type=binary ################
#########################################
X_train.shape: (64, 500), X_val.shape: (16, 500), X_test.shape: (20, 500)
y_train.shape: (64,), y_val.shape: (16,), y_test.shape: (20,)
Block HSIC Lasso B = 20.
M set to 3.
Using Gaussian kernel for the features, Delta kernel for the outcomes.
Number of features selected by HSIC Lasso: 39
Average sparsity: 0.078
calculating cross entropy loss for categorical response
loss is 0.9944737209472805
loss_baseline is 0.35275284701769755
Relative loss: 2.819
Test accuracy with n=100, p=500, k=50, type=binary: [0.4, 0.4]
Duration for running in the setting n=100, p=500, k=50, type=binary: 7.189344167709351 seconds
#########################################
################ n=1000, p=3000, k=100, type=continuous ################
#########################################
X_train.shape: (640, 3000), X_val.shape: (160, 3000), X_test.shape: (200, 3000)
y_train.shape: (640,), y_val.shape: (160,), y_test.shape: (200,)
Block HSIC Lasso B = 20.
M set to 3.
Using Gaussian kernel for the features, Gaussian kernel for the outcomes.
Number of features selected by HSIC Lasso: 100
Average sparsity: 0.033
loss is 102.58548520673853
loss_baseline is 128.63066111379823
Mean of predictions: -0.4513600468635559
Std of predictions: 4.498747825622559
Mean of true values: 0.4250518804654048
Std of true values: 11.301653120816413
Relative loss: 0.798
Test R2 score with n=1000, p=3000, k=100, type=continuous: [0.08558219242542187, 0.1968401868963725]
Test MSE: 102.585
Duration for running in the setting n=1000, p=3000, k=100, type=continuous: 362.5810387134552 seconds
#########################################
################ n=1000, p=3000, k=100, type=binary ################
#########################################
X_train.shape: (640, 3000), X_val.shape: (160, 3000), X_test.shape: (200, 3000)
y_train.shape: (640,), y_val.shape: (160,), y_test.shape: (200,)
Block HSIC Lasso B = 20.
M set to 3.
Using Gaussian kernel for the features, Delta kernel for the outcomes.
/Users/amber/opt/anaconda3/envs/hsic_lasso/lib/python3.9/site-packages/seaborn/matrix.py:560: UserWarning: Clustering large matrix with scipy. Installing `fastcluster` may give better performance.
  warnings.warn(msg)
INFO:__main__:Simulation completed successfully
INFO:__main__:Starting simulation: n=1000, p=3000, k=200, type=continuous
Number of features selected by HSIC Lasso: 100
Average sparsity: 0.033
calculating cross entropy loss for categorical response
loss is 0.6641825588573488
loss_baseline is 0.34674840358721115
Relative loss: 1.915
Test accuracy with n=1000, p=3000, k=100, type=binary: [0.665, 0.665]
Duration for running in the setting n=1000, p=3000, k=100, type=binary: 1027.9746141433716 seconds
#########################################
################ n=1000, p=3000, k=200, type=continuous ################
#########################################
X_train.shape: (640, 3000), X_val.shape: (160, 3000), X_test.shape: (200, 3000)
y_train.shape: (640,), y_val.shape: (160,), y_test.shape: (200,)
Block HSIC Lasso B = 20.
M set to 3.
Using Gaussian kernel for the features, Gaussian kernel for the outcomes.
/Users/amber/opt/anaconda3/envs/hsic_lasso/lib/python3.9/site-packages/seaborn/matrix.py:560: UserWarning: Clustering large matrix with scipy. Installing `fastcluster` may give better performance.
  warnings.warn(msg)
WARNING:root:Two scores are not the same: [0.04127839502084307, 0.05660558473725219]
INFO:__main__:Simulation completed successfully
INFO:__main__:Starting simulation: n=1000, p=3000, k=200, type=binary
Number of features selected by HSIC Lasso: 200
Average sparsity: 0.067
loss is 212.61149000761412
loss_baseline is 228.8925612117625
Mean of predictions: -1.1583988666534424
Std of predictions: 3.7912960052490234
Mean of true values: 0.9675509476406217
Std of true values: 15.012282040901544
Relative loss: 0.929
Test R2 score with n=1000, p=3000, k=200, type=continuous: [0.04127839502084307, 0.05660558473725219]
Test MSE: 212.611
Duration for running in the setting n=1000, p=3000, k=200, type=continuous: 518.7942190170288 seconds
#########################################
################ n=1000, p=3000, k=200, type=binary ################
#########################################
X_train.shape: (640, 3000), X_val.shape: (160, 3000), X_test.shape: (200, 3000)
y_train.shape: (640,), y_val.shape: (160,), y_test.shape: (200,)
Block HSIC Lasso B = 20.
M set to 3.
Using Gaussian kernel for the features, Delta kernel for the outcomes.
/Users/amber/opt/anaconda3/envs/hsic_lasso/lib/python3.9/site-packages/seaborn/matrix.py:560: UserWarning: Clustering large matrix with scipy. Installing `fastcluster` may give better performance.
  warnings.warn(msg)
INFO:__main__:Simulation completed successfully
INFO:__main__:Duration for running hsic_lasso: 2432.182675 seconds
Number of features selected by HSIC Lasso: 181
Average sparsity: 0.06
calculating cross entropy loss for categorical response
loss is 0.9792289261645819
loss_baseline is 0.34940715670828587
Relative loss: 2.803
Test accuracy with n=1000, p=3000, k=200, type=binary: [0.575, 0.575]
Duration for running in the setting n=1000, p=3000, k=200, type=binary: 489.0947539806366 seconds
