#########################################
################ dataset=MNIST, response_type=categorical ################
#########################################
INFO:__main__:Starting processing for MNIST
/Users/amber/opt/anaconda3/envs/lassonet2/lib/python3.9/site-packages/lassonet/interfaces.py:486: UserWarning: lambda_start=6.554 (selected automatically) might be too large.
Features start to disappear at current_lambda=6.554.
  warnings.warn(
Number of selected features in MNIST: 41
Average sparsity: 0.052
calculating cross entropy loss for categorical response
loss is 0.03990593455483312
loss_baseline is 0.23018188453277752
Relative loss: 0.173
Test accuracy in MNIST, type=categorical: [0.88, 0.88]
Duration for running MNIST, type=categorical: 8103.326451063156 seconds
INFO:__main__:Successfully completed MNIST
#########################################
################ dataset=MNIST-Fashion, response_type=categorical ################
#########################################
INFO:__main__:Starting processing for MNIST-Fashion
/Users/amber/opt/anaconda3/envs/lassonet2/lib/python3.9/site-packages/lassonet/interfaces.py:486: UserWarning: lambda_start=3.277 (selected automatically) might be too large.
Features start to disappear at current_lambda=3.277.
  warnings.warn(
Number of selected features in MNIST-Fashion: 50
Average sparsity: 0.064
calculating cross entropy loss for categorical response
loss is 0.06125172637431143
loss_baseline is 0.2303082488715419
Relative loss: 0.266
Test accuracy in MNIST-Fashion, type=categorical: [0.7845, 0.785]
WARNING:root:Two scores are not the same: [0.7845, 0.785]
Duration for running MNIST-Fashion, type=categorical: 2760.653221845627 seconds
INFO:__main__:Successfully completed MNIST-Fashion
#########################################
################ dataset=MICE, response_type=categorical ################
#########################################
INFO:__main__:Starting processing for MICE
X shape: (1080, 77), Y shape: (1080,)
Number of selected features in MICE: 38
Average sparsity: 0.494
calculating cross entropy loss for categorical response
loss is 0.04142732344047949
loss_baseline is 0.2609500898004979
Relative loss: 0.159
Test accuracy in MICE, type=categorical: [0.9212962962962963, 0.9212962962962963]
Duration for running MICE, type=categorical: 33.18844389915466 seconds
INFO:__main__:Successfully completed MICE
#########################################
################ dataset=COIL, response_type=categorical ################
#########################################
INFO:__main__:Starting processing for COIL
(1152, 400) (1152,)
(288, 400) (288,)
Number of selected features in COIL: 50
Average sparsity: 0.125
calculating cross entropy loss for categorical response
loss is 0.004845583611695838
loss_baseline is 0.15017416633678438
Relative loss: 0.032
Test accuracy in COIL, type=categorical: [0.96875, 0.96875]
Duration for running COIL, type=categorical: 249.84526205062866 seconds
INFO:__main__:Successfully completed COIL
#########################################
################ dataset=ISOLET, response_type=categorical ################
#########################################
INFO:__main__:Starting processing for ISOLET
(6238, 617) (6238,)
(1559, 617) (1559,)
/Users/amber/opt/anaconda3/envs/lassonet2/lib/python3.9/site-packages/lassonet/interfaces.py:486: UserWarning: lambda_start=6.554 (selected automatically) might be too large.
Features start to disappear at current_lambda=6.554.
  warnings.warn(
Number of selected features in ISOLET: 47
Average sparsity: 0.076
calculating cross entropy loss for categorical response
loss is 0.01820374826377073
loss_baseline is 0.12532943176037287
Relative loss: 0.145
Test accuracy in ISOLET, type=categorical: [0.8274534958306606, 0.8274534958306606]
Duration for running ISOLET, type=categorical: 1103.9635739326477 seconds
INFO:__main__:Successfully completed ISOLET
#########################################
################ dataset=Activity, response_type=categorical ################
#########################################
INFO:__main__:Starting processing for Activity
ERROR:__main__:Error processing Activity: could not convert string '  2.8858451e-001 -2.0294171e-002 -1.3290514e-001 -9.9527860e-001 -9.8311061e-001 -9.1352645e-001 -9 to float64 at row 0, column 1.
INFO:__main__:Duration for running lassonet: 12250.981507 seconds
