@@@@@@@@@@@@@@@@@@@@@@@@@@
Data loaded...
Data shapes:
x shape: (1080, 77), y shape: (1080,)
Starting selecting features...
self.layer_sequence  is ListWrapper([67])
Epoch 1/337
47/47 - 2s - loss: 2.1356 - accuracy: 0.1117 - val_loss: 2.0931 - val_accuracy: 0.1389 - 2s/epoch - 41ms/step
Epoch 2/337
47/47 - 1s - loss: 2.0502 - accuracy: 0.1582 - val_loss: 2.0965 - val_accuracy: 0.1574 - 678ms/epoch - 14ms/step
Epoch 3/337
47/47 - 1s - loss: 2.0013 - accuracy: 0.1689 - val_loss: 1.9497 - val_accuracy: 0.2778 - 697ms/epoch - 15ms/step
Epoch 4/337
47/47 - 1s - loss: 1.9359 - accuracy: 0.2726 - val_loss: 1.9227 - val_accuracy: 0.2130 - 726ms/epoch - 15ms/step
Epoch 5/337
47/47 - 1s - loss: 1.8667 - accuracy: 0.3125 - val_loss: 1.8507 - val_accuracy: 0.3241 - 711ms/epoch - 15ms/step
Epoch 6/337
47/47 - 1s - loss: 1.7923 - accuracy: 0.3697 - val_loss: 1.8302 - val_accuracy: 0.2593 - 714ms/epoch - 15ms/step
Epoch 7/337
47/47 - 1s - loss: 1.7350 - accuracy: 0.4003 - val_loss: 1.7115 - val_accuracy: 0.4074 - 691ms/epoch - 15ms/step
Epoch 8/337
47/47 - 1s - loss: 1.6621 - accuracy: 0.4455 - val_loss: 1.6307 - val_accuracy: 0.4259 - 675ms/epoch - 14ms/step
Epoch 9/337
47/47 - 1s - loss: 1.5900 - accuracy: 0.4535 - val_loss: 1.5949 - val_accuracy: 0.4444 - 694ms/epoch - 15ms/step
Epoch 10/337
47/47 - 1s - loss: 1.5284 - accuracy: 0.4934 - val_loss: 1.5156 - val_accuracy: 0.4907 - 699ms/epoch - 15ms/step
Epoch 11/337
47/47 - 1s - loss: 1.4596 - accuracy: 0.5306 - val_loss: 1.4734 - val_accuracy: 0.5185 - 702ms/epoch - 15ms/step
Epoch 12/337
47/47 - 1s - loss: 1.4093 - accuracy: 0.5359 - val_loss: 1.4314 - val_accuracy: 0.4167 - 703ms/epoch - 15ms/step
Epoch 13/337
47/47 - 1s - loss: 1.3593 - accuracy: 0.5559 - val_loss: 1.4222 - val_accuracy: 0.4907 - 685ms/epoch - 15ms/step
Epoch 14/337
47/47 - 1s - loss: 1.3116 - accuracy: 0.5532 - val_loss: 1.3272 - val_accuracy: 0.5278 - 682ms/epoch - 15ms/step
Epoch 15/337
47/47 - 1s - loss: 1.2729 - accuracy: 0.5771 - val_loss: 1.2883 - val_accuracy: 0.6296 - 689ms/epoch - 15ms/step
Epoch 16/337
47/47 - 1s - loss: 1.2210 - accuracy: 0.6064 - val_loss: 1.2236 - val_accuracy: 0.5926 - 692ms/epoch - 15ms/step
Epoch 17/337
47/47 - 1s - loss: 1.1904 - accuracy: 0.6449 - val_loss: 1.2187 - val_accuracy: 0.5370 - 684ms/epoch - 15ms/step
Epoch 18/337
47/47 - 1s - loss: 1.1592 - accuracy: 0.6343 - val_loss: 1.1595 - val_accuracy: 0.6574 - 689ms/epoch - 15ms/step
Epoch 19/337
47/47 - 1s - loss: 1.1184 - accuracy: 0.6436 - val_loss: 1.1758 - val_accuracy: 0.5463 - 690ms/epoch - 15ms/step
Epoch 20/337
47/47 - 1s - loss: 1.0949 - accuracy: 0.6543 - val_loss: 1.0912 - val_accuracy: 0.6574 - 664ms/epoch - 14ms/step
Epoch 21/337
47/47 - 1s - loss: 1.0660 - accuracy: 0.6875 - val_loss: 1.1130 - val_accuracy: 0.5926 - 705ms/epoch - 15ms/step
Epoch 22/337
47/47 - 1s - loss: 1.0407 - accuracy: 0.6888 - val_loss: 1.0496 - val_accuracy: 0.6481 - 723ms/epoch - 15ms/step
Epoch 23/337
47/47 - 1s - loss: 1.0079 - accuracy: 0.6995 - val_loss: 1.0565 - val_accuracy: 0.6296 - 719ms/epoch - 15ms/step
Epoch 24/337
47/47 - 1s - loss: 0.9869 - accuracy: 0.6888 - val_loss: 1.1785 - val_accuracy: 0.4630 - 703ms/epoch - 15ms/step
Epoch 25/337
47/47 - 1s - loss: 0.9705 - accuracy: 0.6968 - val_loss: 1.0034 - val_accuracy: 0.6574 - 695ms/epoch - 15ms/step
Epoch 26/337
47/47 - 1s - loss: 0.9506 - accuracy: 0.6995 - val_loss: 0.9973 - val_accuracy: 0.6574 - 720ms/epoch - 15ms/step
Epoch 27/337
47/47 - 1s - loss: 0.9279 - accuracy: 0.7035 - val_loss: 0.9679 - val_accuracy: 0.6389 - 688ms/epoch - 15ms/step
Epoch 28/337
47/47 - 1s - loss: 0.9043 - accuracy: 0.7168 - val_loss: 0.9292 - val_accuracy: 0.6667 - 851ms/epoch - 18ms/step
Epoch 29/337
47/47 - 1s - loss: 0.8857 - accuracy: 0.7261 - val_loss: 0.9038 - val_accuracy: 0.7130 - 760ms/epoch - 16ms/step
Epoch 30/337
47/47 - 1s - loss: 0.8650 - accuracy: 0.7354 - val_loss: 0.8969 - val_accuracy: 0.7037 - 728ms/epoch - 15ms/step
Epoch 31/337
47/47 - 1s - loss: 0.8476 - accuracy: 0.7500 - val_loss: 0.9393 - val_accuracy: 0.6019 - 696ms/epoch - 15ms/step
Epoch 32/337
47/47 - 1s - loss: 0.8320 - accuracy: 0.7434 - val_loss: 0.8696 - val_accuracy: 0.7778 - 692ms/epoch - 15ms/step
Epoch 33/337
47/47 - 1s - loss: 0.8067 - accuracy: 0.7620 - val_loss: 0.9139 - val_accuracy: 0.6389 - 686ms/epoch - 15ms/step
Epoch 34/337
47/47 - 1s - loss: 1.1677 - accuracy: 0.5878 - val_loss: 2.0429 - val_accuracy: 0.1389 - 768ms/epoch - 16ms/step
Epoch 35/337
47/47 - 1s - loss: 2.0409 - accuracy: 0.1968 - val_loss: 2.0375 - val_accuracy: 0.1481 - 730ms/epoch - 16ms/step
Epoch 36/337
47/47 - 1s - loss: 2.0350 - accuracy: 0.2447 - val_loss: 2.0358 - val_accuracy: 0.2963 - 729ms/epoch - 16ms/step
Epoch 37/337
47/47 - 1s - loss: 2.0315 - accuracy: 0.2580 - val_loss: 2.0314 - val_accuracy: 0.2315 - 706ms/epoch - 15ms/step
Epoch 38/337
47/47 - 1s - loss: 2.0259 - accuracy: 0.2380 - val_loss: 2.0272 - val_accuracy: 0.2593 - 696ms/epoch - 15ms/step
Epoch 39/337
47/47 - 1s - loss: 2.0197 - accuracy: 0.2699 - val_loss: 2.0209 - val_accuracy: 0.2685 - 713ms/epoch - 15ms/step
Epoch 40/337
47/47 - 1s - loss: 2.1694 - accuracy: 0.2566 - val_loss: 2.6255 - val_accuracy: 0.1019 - 703ms/epoch - 15ms/step
Epoch 41/337
47/47 - 1s - loss: 2.2487 - accuracy: 0.1476 - val_loss: 1.9317 - val_accuracy: 0.1204 - 696ms/epoch - 15ms/step
Epoch 42/337
47/47 - 1s - loss: 1.7945 - accuracy: 0.2247 - val_loss: 1.7157 - val_accuracy: 0.2037 - 697ms/epoch - 15ms/step
Epoch 43/337
47/47 - 1s - loss: 1.6949 - accuracy: 0.2646 - val_loss: 1.6764 - val_accuracy: 0.2130 - 706ms/epoch - 15ms/step
Epoch 44/337
47/47 - 1s - loss: 1.6744 - accuracy: 0.2992 - val_loss: 1.6637 - val_accuracy: 0.3056 - 701ms/epoch - 15ms/step
Epoch 45/337
47/47 - 1s - loss: 1.6611 - accuracy: 0.3085 - val_loss: 1.6552 - val_accuracy: 0.3148 - 698ms/epoch - 15ms/step
Epoch 46/337
47/47 - 1s - loss: 1.7200 - accuracy: 0.3231 - val_loss: 1.9440 - val_accuracy: 0.1944 - 690ms/epoch - 15ms/step
Epoch 47/337
47/47 - 1s - loss: 1.6569 - accuracy: 0.2899 - val_loss: 1.4972 - val_accuracy: 0.3241 - 690ms/epoch - 15ms/step
Epoch 48/337
47/47 - 1s - loss: 1.4754 - accuracy: 0.4162 - val_loss: 1.4685 - val_accuracy: 0.4167 - 696ms/epoch - 15ms/step
Epoch 49/337
47/47 - 1s - loss: 1.4556 - accuracy: 0.4388 - val_loss: 1.4563 - val_accuracy: 0.4259 - 692ms/epoch - 15ms/step
Epoch 50/337
47/47 - 1s - loss: 1.4453 - accuracy: 0.4535 - val_loss: 1.4457 - val_accuracy: 0.3796 - 693ms/epoch - 15ms/step
Epoch 51/337
47/47 - 1s - loss: 1.4328 - accuracy: 0.4854 - val_loss: 1.4360 - val_accuracy: 0.4259 - 762ms/epoch - 16ms/step
Epoch 52/337
47/47 - 1s - loss: 1.4653 - accuracy: 0.4415 - val_loss: 1.7671 - val_accuracy: 0.2315 - 737ms/epoch - 16ms/step
Epoch 53/337
47/47 - 1s - loss: 1.4469 - accuracy: 0.3870 - val_loss: 1.3478 - val_accuracy: 0.4259 - 752ms/epoch - 16ms/step
Epoch 54/337
47/47 - 1s - loss: 1.2914 - accuracy: 0.5053 - val_loss: 1.3251 - val_accuracy: 0.4630 - 739ms/epoch - 16ms/step
Epoch 55/337
47/47 - 1s - loss: 1.2775 - accuracy: 0.5266 - val_loss: 1.3142 - val_accuracy: 0.4444 - 684ms/epoch - 15ms/step
Epoch 56/337
47/47 - 1s - loss: 1.2683 - accuracy: 0.5213 - val_loss: 1.3087 - val_accuracy: 0.4722 - 782ms/epoch - 17ms/step
Epoch 57/337
47/47 - 1s - loss: 1.2580 - accuracy: 0.5426 - val_loss: 1.3043 - val_accuracy: 0.4722 - 708ms/epoch - 15ms/step
Epoch 58/337
47/47 - 1s - loss: 1.2522 - accuracy: 0.5306 - val_loss: 1.5276 - val_accuracy: 0.2870 - 682ms/epoch - 15ms/step
Epoch 59/337
47/47 - 1s - loss: 1.2181 - accuracy: 0.5279 - val_loss: 1.2218 - val_accuracy: 0.5185 - 709ms/epoch - 15ms/step
Epoch 60/337
47/47 - 1s - loss: 1.1524 - accuracy: 0.5957 - val_loss: 1.2053 - val_accuracy: 0.5185 - 723ms/epoch - 15ms/step
Epoch 61/337
47/47 - 1s - loss: 1.1505 - accuracy: 0.5957 - val_loss: 1.1892 - val_accuracy: 0.5926 - 879ms/epoch - 19ms/step
Epoch 62/337
47/47 - 1s - loss: 1.1388 - accuracy: 0.6024 - val_loss: 1.1831 - val_accuracy: 0.5833 - 1s/epoch - 27ms/step
Epoch 63/337
47/47 - 1s - loss: 1.1314 - accuracy: 0.5984 - val_loss: 1.1758 - val_accuracy: 0.5833 - 841ms/epoch - 18ms/step
Epoch 64/337
47/47 - 1s - loss: 1.1241 - accuracy: 0.6077 - val_loss: 1.1686 - val_accuracy: 0.5833 - 729ms/epoch - 16ms/step
Epoch 65/337
47/47 - 1s - loss: 1.2885 - accuracy: 0.5279 - val_loss: 1.1493 - val_accuracy: 0.5648 - 722ms/epoch - 15ms/step
Epoch 66/337
47/47 - 1s - loss: 1.0535 - accuracy: 0.6463 - val_loss: 1.0900 - val_accuracy: 0.5741 - 747ms/epoch - 16ms/step
Epoch 67/337
47/47 - 1s - loss: 1.0291 - accuracy: 0.6569 - val_loss: 1.0825 - val_accuracy: 0.6111 - 1s/epoch - 23ms/step
Epoch 68/337
47/47 - 1s - loss: 1.0231 - accuracy: 0.6529 - val_loss: 1.0796 - val_accuracy: 0.5648 - 807ms/epoch - 17ms/step
Epoch 69/337
47/47 - 1s - loss: 1.0167 - accuracy: 0.6556 - val_loss: 1.0797 - val_accuracy: 0.5741 - 807ms/epoch - 17ms/step
Epoch 70/337
47/47 - 1s - loss: 1.0107 - accuracy: 0.6476 - val_loss: 1.0686 - val_accuracy: 0.5926 - 796ms/epoch - 17ms/step
Epoch 71/337
47/47 - 1s - loss: 1.2518 - accuracy: 0.5479 - val_loss: 1.0193 - val_accuracy: 0.6481 - 819ms/epoch - 17ms/step
Epoch 72/337
47/47 - 1s - loss: 0.9687 - accuracy: 0.6582 - val_loss: 0.9903 - val_accuracy: 0.6019 - 806ms/epoch - 17ms/step
Epoch 73/337
47/47 - 1s - loss: 0.9564 - accuracy: 0.6449 - val_loss: 0.9930 - val_accuracy: 0.6111 - 797ms/epoch - 17ms/step
Epoch 74/337
47/47 - 1s - loss: 0.9490 - accuracy: 0.6476 - val_loss: 0.9878 - val_accuracy: 0.6111 - 803ms/epoch - 17ms/step
Epoch 75/337
47/47 - 1s - loss: 0.9422 - accuracy: 0.6489 - val_loss: 0.9880 - val_accuracy: 0.6111 - 846ms/epoch - 18ms/step
Epoch 76/337
47/47 - 1s - loss: 0.9393 - accuracy: 0.6529 - val_loss: 0.9765 - val_accuracy: 0.6204 - 791ms/epoch - 17ms/step
Epoch 77/337
47/47 - 1s - loss: 0.9097 - accuracy: 0.6636 - val_loss: 0.9654 - val_accuracy: 0.6481 - 824ms/epoch - 18ms/step
Epoch 78/337
47/47 - 1s - loss: 0.8994 - accuracy: 0.6702 - val_loss: 0.9482 - val_accuracy: 0.6296 - 806ms/epoch - 17ms/step
Epoch 79/337
47/47 - 1s - loss: 0.8910 - accuracy: 0.6715 - val_loss: 0.9431 - val_accuracy: 0.6574 - 808ms/epoch - 17ms/step
Epoch 80/337
47/47 - 1s - loss: 0.8876 - accuracy: 0.6755 - val_loss: 0.9406 - val_accuracy: 0.6296 - 826ms/epoch - 18ms/step
Epoch 81/337
47/47 - 1s - loss: 0.8811 - accuracy: 0.6715 - val_loss: 0.9379 - val_accuracy: 0.6574 - 823ms/epoch - 18ms/step
Epoch 82/337
47/47 - 1s - loss: 0.8753 - accuracy: 0.6769 - val_loss: 0.9290 - val_accuracy: 0.6667 - 846ms/epoch - 18ms/step
Epoch 83/337
47/47 - 1s - loss: 1.1327 - accuracy: 0.6197 - val_loss: 0.9564 - val_accuracy: 0.6759 - 845ms/epoch - 18ms/step
Epoch 84/337
47/47 - 1s - loss: 0.8827 - accuracy: 0.6862 - val_loss: 0.8610 - val_accuracy: 0.7222 - 816ms/epoch - 17ms/step
Epoch 85/337
47/47 - 1s - loss: 0.8338 - accuracy: 0.6888 - val_loss: 0.8782 - val_accuracy: 0.6574 - 844ms/epoch - 18ms/step
Epoch 86/337
47/47 - 1s - loss: 0.8324 - accuracy: 0.6955 - val_loss: 0.8691 - val_accuracy: 0.6667 - 823ms/epoch - 18ms/step
Epoch 87/337
47/47 - 1s - loss: 0.8287 - accuracy: 0.6955 - val_loss: 0.8543 - val_accuracy: 0.6944 - 983ms/epoch - 21ms/step
Epoch 88/337
47/47 - 1s - loss: 0.8254 - accuracy: 0.6862 - val_loss: 0.8544 - val_accuracy: 0.6944 - 963ms/epoch - 20ms/step
Epoch 89/337
47/47 - 1s - loss: 0.9736 - accuracy: 0.6277 - val_loss: 0.8688 - val_accuracy: 0.6389 - 839ms/epoch - 18ms/step
Epoch 90/337
47/47 - 1s - loss: 0.8190 - accuracy: 0.6995 - val_loss: 0.8104 - val_accuracy: 0.6759 - 854ms/epoch - 18ms/step
Epoch 91/337
47/47 - 1s - loss: 0.8041 - accuracy: 0.6875 - val_loss: 0.7950 - val_accuracy: 0.6852 - 841ms/epoch - 18ms/step
Epoch 92/337
47/47 - 1s - loss: 0.7971 - accuracy: 0.6981 - val_loss: 0.8106 - val_accuracy: 0.6759 - 838ms/epoch - 18ms/step
Epoch 93/337
47/47 - 1s - loss: 0.7936 - accuracy: 0.6981 - val_loss: 0.8061 - val_accuracy: 0.6574 - 887ms/epoch - 19ms/step
Epoch 94/337
47/47 - 1s - loss: 0.7808 - accuracy: 0.7088 - val_loss: 0.8043 - val_accuracy: 0.6759 - 824ms/epoch - 18ms/step
Epoch 95/337
47/47 - 1s - loss: 0.8041 - accuracy: 0.7061 - val_loss: 0.7242 - val_accuracy: 0.7315 - 857ms/epoch - 18ms/step
Epoch 96/337
47/47 - 1s - loss: 0.7281 - accuracy: 0.7274 - val_loss: 0.7117 - val_accuracy: 0.7315 - 936ms/epoch - 20ms/step
Epoch 97/337
47/47 - 1s - loss: 0.7321 - accuracy: 0.7247 - val_loss: 0.7119 - val_accuracy: 0.7130 - 931ms/epoch - 20ms/step
Epoch 98/337
47/47 - 1s - loss: 0.7219 - accuracy: 0.7234 - val_loss: 0.7004 - val_accuracy: 0.7500 - 969ms/epoch - 21ms/step
Epoch 99/337
47/47 - 1s - loss: 0.7206 - accuracy: 0.7261 - val_loss: 0.7039 - val_accuracy: 0.7222 - 939ms/epoch - 20ms/step
Epoch 100/337
47/47 - 1s - loss: 0.7138 - accuracy: 0.7287 - val_loss: 0.6995 - val_accuracy: 0.7500 - 1s/epoch - 26ms/step
Epoch 101/337
47/47 - 1s - loss: 0.8015 - accuracy: 0.7008 - val_loss: 0.7606 - val_accuracy: 0.7315 - 1s/epoch - 24ms/step
Epoch 102/337
47/47 - 1s - loss: 0.6941 - accuracy: 0.7354 - val_loss: 0.6750 - val_accuracy: 0.7685 - 873ms/epoch - 19ms/step
Epoch 103/337
47/47 - 1s - loss: 0.6765 - accuracy: 0.7473 - val_loss: 0.6727 - val_accuracy: 0.7593 - 877ms/epoch - 19ms/step
Epoch 104/337
47/47 - 1s - loss: 0.6689 - accuracy: 0.7407 - val_loss: 0.6652 - val_accuracy: 0.7870 - 969ms/epoch - 21ms/step
Epoch 105/337
47/47 - 1s - loss: 0.6685 - accuracy: 0.7487 - val_loss: 0.6555 - val_accuracy: 0.7870 - 1s/epoch - 27ms/step
Epoch 106/337
47/47 - 1s - loss: 0.6622 - accuracy: 0.7500 - val_loss: 0.6527 - val_accuracy: 0.7963 - 849ms/epoch - 18ms/step
Epoch 107/337
47/47 - 1s - loss: 0.8430 - accuracy: 0.6981 - val_loss: 0.7319 - val_accuracy: 0.7315 - 847ms/epoch - 18ms/step
Epoch 108/337
47/47 - 1s - loss: 0.6548 - accuracy: 0.7553 - val_loss: 0.6382 - val_accuracy: 0.7870 - 860ms/epoch - 18ms/step
Epoch 109/337
47/47 - 1s - loss: 0.6156 - accuracy: 0.7673 - val_loss: 0.6379 - val_accuracy: 0.7870 - 818ms/epoch - 17ms/step
Epoch 110/337
47/47 - 1s - loss: 0.6200 - accuracy: 0.7566 - val_loss: 0.6280 - val_accuracy: 0.7870 - 847ms/epoch - 18ms/step
Epoch 111/337
47/47 - 1s - loss: 0.6080 - accuracy: 0.7699 - val_loss: 0.6250 - val_accuracy: 0.8056 - 856ms/epoch - 18ms/step
Epoch 112/337
47/47 - 1s - loss: 0.6140 - accuracy: 0.7726 - val_loss: 0.6116 - val_accuracy: 0.7963 - 902ms/epoch - 19ms/step
Epoch 113/337
47/47 - 1s - loss: 1.2220 - accuracy: 0.6729 - val_loss: 1.8393 - val_accuracy: 0.6296 - 914ms/epoch - 19ms/step
Epoch 114/337
47/47 - 1s - loss: 0.9447 - accuracy: 0.7234 - val_loss: 0.7895 - val_accuracy: 0.7685 - 1s/epoch - 23ms/step
Epoch 115/337
47/47 - 1s - loss: 0.6611 - accuracy: 0.7340 - val_loss: 0.7295 - val_accuracy: 0.7778 - 884ms/epoch - 19ms/step
Epoch 116/337
47/47 - 1s - loss: 0.6437 - accuracy: 0.7513 - val_loss: 0.7017 - val_accuracy: 0.7778 - 882ms/epoch - 19ms/step
Epoch 117/337
47/47 - 1s - loss: 0.6249 - accuracy: 0.7566 - val_loss: 0.6981 - val_accuracy: 0.7778 - 804ms/epoch - 17ms/step
Epoch 118/337
47/47 - 1s - loss: 0.6101 - accuracy: 0.7620 - val_loss: 0.6866 - val_accuracy: 0.7778 - 845ms/epoch - 18ms/step
Epoch 119/337
47/47 - 1s - loss: 0.6389 - accuracy: 0.7500 - val_loss: 0.6441 - val_accuracy: 0.7685 - 815ms/epoch - 17ms/step
Epoch 120/337
47/47 - 1s - loss: 0.5802 - accuracy: 0.7673 - val_loss: 0.6114 - val_accuracy: 0.7963 - 806ms/epoch - 17ms/step
Epoch 121/337
47/47 - 1s - loss: 0.5615 - accuracy: 0.7699 - val_loss: 0.5832 - val_accuracy: 0.7963 - 834ms/epoch - 18ms/step
Epoch 122/337
47/47 - 1s - loss: 0.5521 - accuracy: 0.7952 - val_loss: 0.5761 - val_accuracy: 0.7685 - 883ms/epoch - 19ms/step
Epoch 123/337
47/47 - 1s - loss: 0.5437 - accuracy: 0.7992 - val_loss: 0.5714 - val_accuracy: 0.8056 - 1s/epoch - 22ms/step
Epoch 124/337
47/47 - 1s - loss: 0.5366 - accuracy: 0.8112 - val_loss: 0.5626 - val_accuracy: 0.8148 - 873ms/epoch - 19ms/step
Epoch 125/337
47/47 - 1s - loss: 0.5421 - accuracy: 0.7979 - val_loss: 0.5285 - val_accuracy: 0.8241 - 884ms/epoch - 19ms/step
Epoch 126/337
47/47 - 1s - loss: 0.4923 - accuracy: 0.8152 - val_loss: 0.4977 - val_accuracy: 0.8519 - 1s/epoch - 22ms/step
Epoch 127/337
47/47 - 1s - loss: 0.4863 - accuracy: 0.8418 - val_loss: 0.4924 - val_accuracy: 0.8426 - 1s/epoch - 23ms/step
Epoch 128/337
47/47 - 2s - loss: 0.4847 - accuracy: 0.8178 - val_loss: 0.5019 - val_accuracy: 0.8426 - 2s/epoch - 33ms/step
Epoch 129/337
47/47 - 1s - loss: 0.4826 - accuracy: 0.8311 - val_loss: 0.4803 - val_accuracy: 0.8519 - 857ms/epoch - 18ms/step
Epoch 130/337
47/47 - 1s - loss: 0.4723 - accuracy: 0.8391 - val_loss: 0.4842 - val_accuracy: 0.8333 - 842ms/epoch - 18ms/step
Epoch 131/337
47/47 - 1s - loss: 0.5559 - accuracy: 0.8032 - val_loss: 0.6696 - val_accuracy: 0.7500 - 930ms/epoch - 20ms/step
Epoch 132/337
47/47 - 1s - loss: 0.4804 - accuracy: 0.8285 - val_loss: 0.4815 - val_accuracy: 0.8056 - 1s/epoch - 24ms/step
Epoch 133/337
47/47 - 1s - loss: 0.4607 - accuracy: 0.8338 - val_loss: 0.4865 - val_accuracy: 0.8519 - 1s/epoch - 29ms/step
Epoch 134/337
47/47 - 1s - loss: 0.4530 - accuracy: 0.8404 - val_loss: 0.4834 - val_accuracy: 0.8148 - 1s/epoch - 23ms/step
Epoch 135/337
47/47 - 1s - loss: 0.4476 - accuracy: 0.8444 - val_loss: 0.4812 - val_accuracy: 0.8241 - 905ms/epoch - 19ms/step
Epoch 136/337
47/47 - 1s - loss: 0.4450 - accuracy: 0.8444 - val_loss: 0.4674 - val_accuracy: 0.8519 - 1s/epoch - 23ms/step
Epoch 137/337
47/47 - 1s - loss: 0.4643 - accuracy: 0.8338 - val_loss: 0.4925 - val_accuracy: 0.8241 - 1s/epoch - 28ms/step
Epoch 138/337
47/47 - 1s - loss: 0.4193 - accuracy: 0.8604 - val_loss: 0.4651 - val_accuracy: 0.8333 - 942ms/epoch - 20ms/step
Epoch 139/337
47/47 - 1s - loss: 0.4161 - accuracy: 0.8710 - val_loss: 0.4501 - val_accuracy: 0.8519 - 916ms/epoch - 19ms/step
Epoch 140/337
47/47 - 1s - loss: 0.4114 - accuracy: 0.8723 - val_loss: 0.4318 - val_accuracy: 0.8519 - 1s/epoch - 22ms/step
Epoch 141/337
47/47 - 1s - loss: 0.4106 - accuracy: 0.8697 - val_loss: 0.4370 - val_accuracy: 0.8704 - 973ms/epoch - 21ms/step
Epoch 142/337
47/47 - 1s - loss: 0.4036 - accuracy: 0.8630 - val_loss: 0.4265 - val_accuracy: 0.8704 - 1s/epoch - 29ms/step
Epoch 143/337
47/47 - 1s - loss: 0.4453 - accuracy: 0.8457 - val_loss: 0.5997 - val_accuracy: 0.7778 - 891ms/epoch - 19ms/step
Epoch 144/337
47/47 - 1s - loss: 0.4041 - accuracy: 0.8630 - val_loss: 0.4402 - val_accuracy: 0.8426 - 920ms/epoch - 20ms/step
Epoch 145/337
47/47 - 1s - loss: 0.3914 - accuracy: 0.8684 - val_loss: 0.4232 - val_accuracy: 0.8796 - 878ms/epoch - 19ms/step
Epoch 146/337
47/47 - 1s - loss: 0.3862 - accuracy: 0.8684 - val_loss: 0.4307 - val_accuracy: 0.8241 - 861ms/epoch - 18ms/step
Epoch 147/337
47/47 - 1s - loss: 0.3746 - accuracy: 0.8816 - val_loss: 0.4170 - val_accuracy: 0.8519 - 874ms/epoch - 19ms/step
Epoch 148/337
47/47 - 1s - loss: 0.3717 - accuracy: 0.8856 - val_loss: 0.4178 - val_accuracy: 0.8704 - 876ms/epoch - 19ms/step
Epoch 149/337
47/47 - 1s - loss: 0.4021 - accuracy: 0.8803 - val_loss: 1.2727 - val_accuracy: 0.6759 - 1s/epoch - 22ms/step
Epoch 150/337
47/47 - 1s - loss: 0.6297 - accuracy: 0.8138 - val_loss: 0.4780 - val_accuracy: 0.8333 - 976ms/epoch - 21ms/step
Epoch 151/337
47/47 - 1s - loss: 0.3952 - accuracy: 0.8604 - val_loss: 0.4808 - val_accuracy: 0.8148 - 895ms/epoch - 19ms/step
Epoch 152/337
47/47 - 1s - loss: 0.3831 - accuracy: 0.8723 - val_loss: 0.4329 - val_accuracy: 0.8426 - 873ms/epoch - 19ms/step
Epoch 153/337
47/47 - 1s - loss: 0.3729 - accuracy: 0.8684 - val_loss: 0.4265 - val_accuracy: 0.8148 - 879ms/epoch - 19ms/step
Epoch 154/337
47/47 - 1s - loss: 0.3645 - accuracy: 0.8790 - val_loss: 0.4103 - val_accuracy: 0.8704 - 840ms/epoch - 18ms/step
Epoch 155/337
47/47 - 1s - loss: 0.3580 - accuracy: 0.8803 - val_loss: 0.3998 - val_accuracy: 0.8611 - 892ms/epoch - 19ms/step
Epoch 156/337
47/47 - 1s - loss: 0.4273 - accuracy: 0.8577 - val_loss: 0.3722 - val_accuracy: 0.8519 - 1s/epoch - 25ms/step
Epoch 157/337
47/47 - 1s - loss: 0.3444 - accuracy: 0.8803 - val_loss: 0.3634 - val_accuracy: 0.8889 - 861ms/epoch - 18ms/step
Epoch 158/337
47/47 - 1s - loss: 0.3413 - accuracy: 0.8896 - val_loss: 0.3729 - val_accuracy: 0.8611 - 836ms/epoch - 18ms/step
Epoch 159/337
47/47 - 1s - loss: 0.3360 - accuracy: 0.8923 - val_loss: 0.3767 - val_accuracy: 0.8611 - 968ms/epoch - 21ms/step
Epoch 160/337
47/47 - 1s - loss: 0.3338 - accuracy: 0.9003 - val_loss: 0.3491 - val_accuracy: 0.8889 - 817ms/epoch - 17ms/step
Epoch 161/337
47/47 - 1s - loss: 0.3307 - accuracy: 0.8923 - val_loss: 0.3611 - val_accuracy: 0.8981 - 818ms/epoch - 17ms/step
Epoch 162/337
47/47 - 1s - loss: 0.3380 - accuracy: 0.8883 - val_loss: 0.3467 - val_accuracy: 0.8704 - 826ms/epoch - 18ms/step
Epoch 163/337
47/47 - 1s - loss: 0.3191 - accuracy: 0.8963 - val_loss: 0.3391 - val_accuracy: 0.8611 - 824ms/epoch - 18ms/step
Epoch 164/337
47/47 - 1s - loss: 0.3180 - accuracy: 0.8989 - val_loss: 0.3359 - val_accuracy: 0.8889 - 821ms/epoch - 17ms/step
Epoch 165/337
47/47 - 1s - loss: 0.3132 - accuracy: 0.8989 - val_loss: 0.3318 - val_accuracy: 0.9074 - 902ms/epoch - 19ms/step
Epoch 166/337
47/47 - 1s - loss: 0.3087 - accuracy: 0.9082 - val_loss: 0.3397 - val_accuracy: 0.9074 - 824ms/epoch - 18ms/step
Epoch 167/337
47/47 - 1s - loss: 0.3079 - accuracy: 0.8949 - val_loss: 0.3291 - val_accuracy: 0.9074 - 822ms/epoch - 17ms/step
Epoch 168/337
47/47 - 1s - loss: 0.4199 - accuracy: 0.8524 - val_loss: 0.3120 - val_accuracy: 0.9167 - 855ms/epoch - 18ms/step
Epoch 169/337
47/47 - 1s - loss: 0.2934 - accuracy: 0.9109 - val_loss: 0.2984 - val_accuracy: 0.9167 - 862ms/epoch - 18ms/step
Epoch 170/337
47/47 - 1s - loss: 0.2923 - accuracy: 0.9136 - val_loss: 0.2962 - val_accuracy: 0.9167 - 850ms/epoch - 18ms/step
Epoch 171/337
47/47 - 1s - loss: 0.2883 - accuracy: 0.9189 - val_loss: 0.3003 - val_accuracy: 0.9167 - 854ms/epoch - 18ms/step
Epoch 172/337
47/47 - 1s - loss: 0.2871 - accuracy: 0.9136 - val_loss: 0.2843 - val_accuracy: 0.8981 - 992ms/epoch - 21ms/step
Epoch 173/337
47/47 - 1s - loss: 0.2846 - accuracy: 0.9122 - val_loss: 0.2955 - val_accuracy: 0.8981 - 865ms/epoch - 18ms/step
Epoch 174/337
47/47 - 1s - loss: 0.3933 - accuracy: 0.8630 - val_loss: 0.2801 - val_accuracy: 0.9167 - 818ms/epoch - 17ms/step
Epoch 175/337
47/47 - 1s - loss: 0.2921 - accuracy: 0.8936 - val_loss: 0.2816 - val_accuracy: 0.9259 - 824ms/epoch - 18ms/step
Epoch 176/337
47/47 - 1s - loss: 0.2859 - accuracy: 0.9003 - val_loss: 0.2871 - val_accuracy: 0.8981 - 814ms/epoch - 17ms/step
Epoch 177/337
47/47 - 1s - loss: 0.2834 - accuracy: 0.8976 - val_loss: 0.2788 - val_accuracy: 0.9167 - 894ms/epoch - 19ms/step
Epoch 178/337
47/47 - 1s - loss: 0.2765 - accuracy: 0.9069 - val_loss: 0.2859 - val_accuracy: 0.8981 - 1s/epoch - 22ms/step
Epoch 179/337
47/47 - 1s - loss: 0.2766 - accuracy: 0.8949 - val_loss: 0.2805 - val_accuracy: 0.9167 - 890ms/epoch - 19ms/step
Epoch 180/337
47/47 - 1s - loss: 0.4488 - accuracy: 0.8338 - val_loss: 0.3289 - val_accuracy: 0.9167 - 856ms/epoch - 18ms/step
Epoch 181/337
47/47 - 1s - loss: 0.2826 - accuracy: 0.8963 - val_loss: 0.2884 - val_accuracy: 0.9259 - 1s/epoch - 28ms/step
Epoch 182/337
47/47 - 1s - loss: 0.2740 - accuracy: 0.9016 - val_loss: 0.2892 - val_accuracy: 0.9074 - 935ms/epoch - 20ms/step
Epoch 183/337
47/47 - 1s - loss: 0.2705 - accuracy: 0.9096 - val_loss: 0.2980 - val_accuracy: 0.8981 - 938ms/epoch - 20ms/step
Epoch 184/337
47/47 - 1s - loss: 0.2679 - accuracy: 0.9043 - val_loss: 0.2896 - val_accuracy: 0.9074 - 877ms/epoch - 19ms/step
Epoch 185/337
47/47 - 1s - loss: 0.2615 - accuracy: 0.9029 - val_loss: 0.2922 - val_accuracy: 0.9074 - 812ms/epoch - 17ms/step
Epoch 186/337
47/47 - 1s - loss: 0.3198 - accuracy: 0.8830 - val_loss: 0.2757 - val_accuracy: 0.9074 - 899ms/epoch - 19ms/step
Epoch 187/337
47/47 - 1s - loss: 0.2572 - accuracy: 0.9202 - val_loss: 0.2829 - val_accuracy: 0.9074 - 906ms/epoch - 19ms/step
Epoch 188/337
47/47 - 1s - loss: 0.2533 - accuracy: 0.9176 - val_loss: 0.2793 - val_accuracy: 0.9074 - 840ms/epoch - 18ms/step
Epoch 189/337
47/47 - 1s - loss: 0.2564 - accuracy: 0.9069 - val_loss: 0.2895 - val_accuracy: 0.9074 - 1s/epoch - 22ms/step
Epoch 190/337
47/47 - 1s - loss: 0.2451 - accuracy: 0.9202 - val_loss: 0.2806 - val_accuracy: 0.8704 - 841ms/epoch - 18ms/step
Epoch 191/337
47/47 - 1s - loss: 0.2420 - accuracy: 0.9176 - val_loss: 0.2805 - val_accuracy: 0.9074 - 824ms/epoch - 18ms/step
Epoch 192/337
47/47 - 1s - loss: 0.2752 - accuracy: 0.9029 - val_loss: 0.2892 - val_accuracy: 0.8889 - 832ms/epoch - 18ms/step
Epoch 193/337
47/47 - 1s - loss: 0.2709 - accuracy: 0.8963 - val_loss: 0.2941 - val_accuracy: 0.8704 - 881ms/epoch - 19ms/step
Epoch 194/337
47/47 - 1s - loss: 0.2733 - accuracy: 0.9043 - val_loss: 0.2763 - val_accuracy: 0.9167 - 867ms/epoch - 18ms/step
Epoch 195/337
47/47 - 1s - loss: 0.2624 - accuracy: 0.9069 - val_loss: 0.2904 - val_accuracy: 0.8704 - 850ms/epoch - 18ms/step
Epoch 196/337
47/47 - 1s - loss: 0.2571 - accuracy: 0.9096 - val_loss: 0.2708 - val_accuracy: 0.9074 - 857ms/epoch - 18ms/step
Epoch 197/337
47/47 - 1s - loss: 0.2535 - accuracy: 0.9096 - val_loss: 0.2645 - val_accuracy: 0.9074 - 856ms/epoch - 18ms/step
Epoch 198/337
47/47 - 1s - loss: 0.2604 - accuracy: 0.9096 - val_loss: 0.2854 - val_accuracy: 0.8796 - 842ms/epoch - 18ms/step
Epoch 199/337
47/47 - 1s - loss: 0.2433 - accuracy: 0.9149 - val_loss: 0.2748 - val_accuracy: 0.8796 - 849ms/epoch - 18ms/step
Epoch 200/337
47/47 - 1s - loss: 0.2342 - accuracy: 0.9282 - val_loss: 0.3006 - val_accuracy: 0.8704 - 844ms/epoch - 18ms/step
Epoch 201/337
47/47 - 1s - loss: 0.2383 - accuracy: 0.9202 - val_loss: 0.2846 - val_accuracy: 0.8611 - 853ms/epoch - 18ms/step
Epoch 202/337
47/47 - 1s - loss: 0.2343 - accuracy: 0.9162 - val_loss: 0.2871 - val_accuracy: 0.8889 - 846ms/epoch - 18ms/step
Epoch 203/337
47/47 - 1s - loss: 0.2288 - accuracy: 0.9229 - val_loss: 0.2758 - val_accuracy: 0.8796 - 839ms/epoch - 18ms/step
Epoch 204/337
47/47 - 1s - loss: 0.2445 - accuracy: 0.9189 - val_loss: 0.2594 - val_accuracy: 0.9074 - 843ms/epoch - 18ms/step
Epoch 205/337
47/47 - 1s - loss: 0.2250 - accuracy: 0.9202 - val_loss: 0.2719 - val_accuracy: 0.8889 - 860ms/epoch - 18ms/step
Epoch 206/337
47/47 - 1s - loss: 0.2194 - accuracy: 0.9362 - val_loss: 0.2867 - val_accuracy: 0.8981 - 839ms/epoch - 18ms/step
Epoch 207/337
47/47 - 1s - loss: 0.2238 - accuracy: 0.9229 - val_loss: 0.2699 - val_accuracy: 0.8796 - 844ms/epoch - 18ms/step
Epoch 208/337
47/47 - 1s - loss: 0.2172 - accuracy: 0.9282 - val_loss: 0.2498 - val_accuracy: 0.9167 - 821ms/epoch - 17ms/step
Epoch 209/337
47/47 - 1s - loss: 0.2169 - accuracy: 0.9282 - val_loss: 0.2540 - val_accuracy: 0.9074 - 805ms/epoch - 17ms/step
Epoch 210/337
47/47 - 1s - loss: 0.2188 - accuracy: 0.9242 - val_loss: 0.2455 - val_accuracy: 0.9167 - 911ms/epoch - 19ms/step
Epoch 211/337
47/47 - 1s - loss: 0.2091 - accuracy: 0.9322 - val_loss: 0.2573 - val_accuracy: 0.8889 - 973ms/epoch - 21ms/step
Epoch 212/337
47/47 - 1s - loss: 0.2123 - accuracy: 0.9269 - val_loss: 0.2696 - val_accuracy: 0.8981 - 863ms/epoch - 18ms/step
Epoch 213/337
47/47 - 1s - loss: 0.2103 - accuracy: 0.9242 - val_loss: 0.2614 - val_accuracy: 0.9074 - 922ms/epoch - 20ms/step
Epoch 214/337
47/47 - 1s - loss: 0.2073 - accuracy: 0.9348 - val_loss: 0.2517 - val_accuracy: 0.9074 - 841ms/epoch - 18ms/step
Epoch 215/337
47/47 - 1s - loss: 0.2004 - accuracy: 0.9335 - val_loss: 0.2835 - val_accuracy: 0.9074 - 848ms/epoch - 18ms/step
Epoch 216/337
47/47 - 1s - loss: 0.2497 - accuracy: 0.9162 - val_loss: 0.3132 - val_accuracy: 0.8981 - 891ms/epoch - 19ms/step
Epoch 217/337
47/47 - 1s - loss: 0.2004 - accuracy: 0.9362 - val_loss: 0.3062 - val_accuracy: 0.9074 - 866ms/epoch - 18ms/step
Epoch 218/337
47/47 - 1s - loss: 0.2039 - accuracy: 0.9255 - val_loss: 0.2886 - val_accuracy: 0.9167 - 853ms/epoch - 18ms/step
Epoch 219/337
47/47 - 1s - loss: 0.1947 - accuracy: 0.9415 - val_loss: 0.3231 - val_accuracy: 0.8796 - 957ms/epoch - 20ms/step
Epoch 220/337
47/47 - 1s - loss: 0.1936 - accuracy: 0.9441 - val_loss: 0.2639 - val_accuracy: 0.9167 - 870ms/epoch - 19ms/step
Epoch 221/337
47/47 - 1s - loss: 0.1894 - accuracy: 0.9428 - val_loss: 0.2836 - val_accuracy: 0.9074 - 859ms/epoch - 18ms/step
Epoch 222/337
47/47 - 1s - loss: 0.2069 - accuracy: 0.9269 - val_loss: 0.3269 - val_accuracy: 0.8889 - 851ms/epoch - 18ms/step
Epoch 223/337
47/47 - 1s - loss: 0.1869 - accuracy: 0.9455 - val_loss: 0.2857 - val_accuracy: 0.8981 - 849ms/epoch - 18ms/step
Epoch 224/337
47/47 - 1s - loss: 0.1884 - accuracy: 0.9428 - val_loss: 0.2957 - val_accuracy: 0.8981 - 852ms/epoch - 18ms/step
Epoch 225/337
47/47 - 1s - loss: 0.1821 - accuracy: 0.9441 - val_loss: 0.2799 - val_accuracy: 0.9074 - 817ms/epoch - 17ms/step
Epoch 226/337
47/47 - 1s - loss: 0.1838 - accuracy: 0.9415 - val_loss: 0.2887 - val_accuracy: 0.8889 - 850ms/epoch - 18ms/step
Epoch 227/337
47/47 - 1s - loss: 0.1809 - accuracy: 0.9468 - val_loss: 0.2629 - val_accuracy: 0.9259 - 849ms/epoch - 18ms/step
Epoch 228/337
47/47 - 1s - loss: 0.1860 - accuracy: 0.9441 - val_loss: 0.2903 - val_accuracy: 0.9074 - 949ms/epoch - 20ms/step
Epoch 229/337
47/47 - 1s - loss: 0.1806 - accuracy: 0.9415 - val_loss: 0.2556 - val_accuracy: 0.9167 - 864ms/epoch - 18ms/step
Epoch 230/337
47/47 - 1s - loss: 0.1768 - accuracy: 0.9495 - val_loss: 0.2835 - val_accuracy: 0.9074 - 853ms/epoch - 18ms/step
Epoch 231/337
47/47 - 1s - loss: 0.1751 - accuracy: 0.9521 - val_loss: 0.2921 - val_accuracy: 0.9074 - 860ms/epoch - 18ms/step
Epoch 232/337
47/47 - 1s - loss: 0.1723 - accuracy: 0.9402 - val_loss: 0.2534 - val_accuracy: 0.9352 - 872ms/epoch - 19ms/step
Epoch 233/337
47/47 - 1s - loss: 0.1762 - accuracy: 0.9415 - val_loss: 0.2599 - val_accuracy: 0.9259 - 867ms/epoch - 18ms/step
Epoch 234/337
47/47 - 1s - loss: 0.1811 - accuracy: 0.9468 - val_loss: 0.3409 - val_accuracy: 0.8981 - 866ms/epoch - 18ms/step
Epoch 235/337
47/47 - 1s - loss: 0.1790 - accuracy: 0.9468 - val_loss: 0.2889 - val_accuracy: 0.8889 - 857ms/epoch - 18ms/step
Epoch 236/337
47/47 - 1s - loss: 0.1811 - accuracy: 0.9428 - val_loss: 0.2765 - val_accuracy: 0.8889 - 864ms/epoch - 18ms/step
Epoch 237/337
47/47 - 1s - loss: 0.1772 - accuracy: 0.9441 - val_loss: 0.2789 - val_accuracy: 0.9167 - 903ms/epoch - 19ms/step
Epoch 238/337
47/47 - 1s - loss: 0.1741 - accuracy: 0.9348 - val_loss: 0.2545 - val_accuracy: 0.9167 - 844ms/epoch - 18ms/step
Epoch 239/337
47/47 - 1s - loss: 0.1709 - accuracy: 0.9468 - val_loss: 0.2615 - val_accuracy: 0.9259 - 914ms/epoch - 19ms/step
Epoch 240/337
47/47 - 1s - loss: 0.1862 - accuracy: 0.9348 - val_loss: 0.3220 - val_accuracy: 0.8981 - 860ms/epoch - 18ms/step
Epoch 241/337
47/47 - 1s - loss: 0.1739 - accuracy: 0.9455 - val_loss: 0.2724 - val_accuracy: 0.8889 - 855ms/epoch - 18ms/step
Epoch 242/337
47/47 - 1s - loss: 0.1714 - accuracy: 0.9375 - val_loss: 0.2824 - val_accuracy: 0.9074 - 874ms/epoch - 19ms/step
Epoch 243/337
47/47 - 1s - loss: 0.1664 - accuracy: 0.9428 - val_loss: 0.2561 - val_accuracy: 0.9074 - 875ms/epoch - 19ms/step
Epoch 244/337
47/47 - 1s - loss: 0.1691 - accuracy: 0.9495 - val_loss: 0.2850 - val_accuracy: 0.9074 - 851ms/epoch - 18ms/step
Epoch 245/337
47/47 - 1s - loss: 0.1602 - accuracy: 0.9508 - val_loss: 0.2680 - val_accuracy: 0.9074 - 889ms/epoch - 19ms/step
Epoch 246/337
47/47 - 1s - loss: 0.1628 - accuracy: 0.9508 - val_loss: 0.2563 - val_accuracy: 0.9074 - 873ms/epoch - 19ms/step
Epoch 247/337
47/47 - 1s - loss: 0.2191 - accuracy: 0.9229 - val_loss: 0.2445 - val_accuracy: 0.9167 - 819ms/epoch - 17ms/step
Epoch 248/337
47/47 - 1s - loss: 0.1711 - accuracy: 0.9441 - val_loss: 0.2503 - val_accuracy: 0.8889 - 857ms/epoch - 18ms/step
Epoch 249/337
47/47 - 1s - loss: 0.1714 - accuracy: 0.9375 - val_loss: 0.2443 - val_accuracy: 0.9074 - 853ms/epoch - 18ms/step
Epoch 250/337
47/47 - 1s - loss: 0.1706 - accuracy: 0.9415 - val_loss: 0.2406 - val_accuracy: 0.8981 - 884ms/epoch - 19ms/step
Epoch 251/337
47/47 - 1s - loss: 0.1635 - accuracy: 0.9441 - val_loss: 0.2618 - val_accuracy: 0.9167 - 856ms/epoch - 18ms/step
Epoch 252/337
47/47 - 1s - loss: 0.1625 - accuracy: 0.9495 - val_loss: 0.2535 - val_accuracy: 0.9074 - 1s/epoch - 23ms/step
Epoch 253/337
47/47 - 1s - loss: 0.1646 - accuracy: 0.9468 - val_loss: 0.2513 - val_accuracy: 0.8981 - 974ms/epoch - 21ms/step
Epoch 254/337
47/47 - 1s - loss: 0.1604 - accuracy: 0.9574 - val_loss: 0.2671 - val_accuracy: 0.8889 - 837ms/epoch - 18ms/step
Epoch 255/337
47/47 - 1s - loss: 0.1614 - accuracy: 0.9495 - val_loss: 0.2620 - val_accuracy: 0.9074 - 1s/epoch - 23ms/step
Epoch 256/337
47/47 - 1s - loss: 0.1577 - accuracy: 0.9495 - val_loss: 0.2652 - val_accuracy: 0.8981 - 944ms/epoch - 20ms/step
Epoch 257/337
47/47 - 1s - loss: 0.1574 - accuracy: 0.9455 - val_loss: 0.2616 - val_accuracy: 0.9167 - 846ms/epoch - 18ms/step
Epoch 258/337
47/47 - 1s - loss: 0.1562 - accuracy: 0.9521 - val_loss: 0.2401 - val_accuracy: 0.9352 - 1s/epoch - 23ms/step
Epoch 259/337
47/47 - 1s - loss: 0.1498 - accuracy: 0.9495 - val_loss: 0.2894 - val_accuracy: 0.8981 - 846ms/epoch - 18ms/step
Epoch 260/337
47/47 - 1s - loss: 0.1549 - accuracy: 0.9508 - val_loss: 0.2695 - val_accuracy: 0.9074 - 951ms/epoch - 20ms/step
Epoch 261/337
47/47 - 1s - loss: 0.1458 - accuracy: 0.9508 - val_loss: 0.3107 - val_accuracy: 0.8796 - 868ms/epoch - 18ms/step
Epoch 262/337
47/47 - 1s - loss: 0.1509 - accuracy: 0.9521 - val_loss: 0.2849 - val_accuracy: 0.8889 - 830ms/epoch - 18ms/step
Epoch 263/337
47/47 - 1s - loss: 0.1511 - accuracy: 0.9481 - val_loss: 0.2780 - val_accuracy: 0.8981 - 849ms/epoch - 18ms/step
Epoch 264/337
47/47 - 1s - loss: 0.1420 - accuracy: 0.9601 - val_loss: 0.2642 - val_accuracy: 0.9074 - 812ms/epoch - 17ms/step
Epoch 265/337
47/47 - 1s - loss: 0.1559 - accuracy: 0.9468 - val_loss: 0.2483 - val_accuracy: 0.8981 - 819ms/epoch - 17ms/step
Epoch 266/337
47/47 - 1s - loss: 0.1495 - accuracy: 0.9535 - val_loss: 0.2635 - val_accuracy: 0.9167 - 841ms/epoch - 18ms/step
Epoch 267/337
47/47 - 1s - loss: 0.1459 - accuracy: 0.9561 - val_loss: 0.2445 - val_accuracy: 0.9352 - 1s/epoch - 25ms/step
Epoch 268/337
47/47 - 1s - loss: 0.1466 - accuracy: 0.9495 - val_loss: 0.2455 - val_accuracy: 0.9259 - 851ms/epoch - 18ms/step
Epoch 269/337
47/47 - 1s - loss: 0.1415 - accuracy: 0.9548 - val_loss: 0.2732 - val_accuracy: 0.8981 - 852ms/epoch - 18ms/step
Epoch 270/337
47/47 - 1s - loss: 0.1420 - accuracy: 0.9548 - val_loss: 0.2575 - val_accuracy: 0.9167 - 829ms/epoch - 18ms/step
Epoch 271/337
47/47 - 1s - loss: 0.1439 - accuracy: 0.9508 - val_loss: 0.2431 - val_accuracy: 0.9259 - 816ms/epoch - 17ms/step
Epoch 272/337
47/47 - 1s - loss: 0.1394 - accuracy: 0.9535 - val_loss: 0.2418 - val_accuracy: 0.9259 - 822ms/epoch - 17ms/step
Epoch 273/337
47/47 - 1s - loss: 0.1381 - accuracy: 0.9588 - val_loss: 0.2484 - val_accuracy: 0.8889 - 827ms/epoch - 18ms/step
Epoch 274/337
47/47 - 1s - loss: 0.1371 - accuracy: 0.9614 - val_loss: 0.2319 - val_accuracy: 0.9259 - 845ms/epoch - 18ms/step
Epoch 275/337
47/47 - 1s - loss: 0.1376 - accuracy: 0.9574 - val_loss: 0.2289 - val_accuracy: 0.9074 - 838ms/epoch - 18ms/step
Epoch 276/337
47/47 - 1s - loss: 0.1300 - accuracy: 0.9628 - val_loss: 0.2473 - val_accuracy: 0.9074 - 851ms/epoch - 18ms/step
Epoch 277/337
47/47 - 1s - loss: 0.1395 - accuracy: 0.9521 - val_loss: 0.2584 - val_accuracy: 0.8981 - 823ms/epoch - 18ms/step
Epoch 278/337
47/47 - 1s - loss: 0.1423 - accuracy: 0.9601 - val_loss: 0.2295 - val_accuracy: 0.9352 - 828ms/epoch - 18ms/step
Epoch 279/337
47/47 - 1s - loss: 0.1350 - accuracy: 0.9561 - val_loss: 0.2453 - val_accuracy: 0.9074 - 820ms/epoch - 17ms/step
Epoch 280/337
47/47 - 1s - loss: 0.1301 - accuracy: 0.9561 - val_loss: 0.2280 - val_accuracy: 0.9352 - 818ms/epoch - 17ms/step
Epoch 281/337
47/47 - 1s - loss: 0.1378 - accuracy: 0.9548 - val_loss: 0.2431 - val_accuracy: 0.8981 - 844ms/epoch - 18ms/step
Epoch 282/337
47/47 - 1s - loss: 0.1321 - accuracy: 0.9588 - val_loss: 0.2520 - val_accuracy: 0.8889 - 817ms/epoch - 17ms/step
Epoch 283/337
47/47 - 1s - loss: 0.1378 - accuracy: 0.9561 - val_loss: 0.2289 - val_accuracy: 0.9074 - 818ms/epoch - 17ms/step
Epoch 284/337
47/47 - 1s - loss: 0.1320 - accuracy: 0.9628 - val_loss: 0.2245 - val_accuracy: 0.9167 - 823ms/epoch - 18ms/step
Epoch 285/337
47/47 - 1s - loss: 0.1286 - accuracy: 0.9601 - val_loss: 0.2780 - val_accuracy: 0.9167 - 819ms/epoch - 17ms/step
Epoch 286/337
47/47 - 1s - loss: 0.1313 - accuracy: 0.9654 - val_loss: 0.2137 - val_accuracy: 0.8981 - 831ms/epoch - 18ms/step
Epoch 287/337
47/47 - 1s - loss: 0.1310 - accuracy: 0.9641 - val_loss: 0.2314 - val_accuracy: 0.9259 - 807ms/epoch - 17ms/step
Epoch 288/337
47/47 - 1s - loss: 0.1294 - accuracy: 0.9588 - val_loss: 0.2775 - val_accuracy: 0.8981 - 813ms/epoch - 17ms/step
Epoch 289/337
47/47 - 1s - loss: 0.1299 - accuracy: 0.9641 - val_loss: 0.3005 - val_accuracy: 0.8981 - 816ms/epoch - 17ms/step
Epoch 290/337
47/47 - 1s - loss: 0.1346 - accuracy: 0.9574 - val_loss: 0.2443 - val_accuracy: 0.8796 - 833ms/epoch - 18ms/step
Epoch 291/337
47/47 - 1s - loss: 0.1190 - accuracy: 0.9628 - val_loss: 0.2139 - val_accuracy: 0.9167 - 830ms/epoch - 18ms/step
Epoch 292/337
47/47 - 1s - loss: 0.1239 - accuracy: 0.9628 - val_loss: 0.2508 - val_accuracy: 0.8704 - 850ms/epoch - 18ms/step
Epoch 293/337
47/47 - 1s - loss: 0.1325 - accuracy: 0.9601 - val_loss: 0.2201 - val_accuracy: 0.9352 - 831ms/epoch - 18ms/step
Epoch 294/337
47/47 - 1s - loss: 0.1265 - accuracy: 0.9601 - val_loss: 0.2516 - val_accuracy: 0.8889 - 837ms/epoch - 18ms/step
Epoch 295/337
47/47 - 1s - loss: 0.1291 - accuracy: 0.9521 - val_loss: 0.2181 - val_accuracy: 0.9259 - 845ms/epoch - 18ms/step
Epoch 296/337
47/47 - 1s - loss: 0.1261 - accuracy: 0.9601 - val_loss: 0.2352 - val_accuracy: 0.9259 - 830ms/epoch - 18ms/step
Epoch 297/337
47/47 - 1s - loss: 0.1241 - accuracy: 0.9628 - val_loss: 0.1957 - val_accuracy: 0.9259 - 830ms/epoch - 18ms/step
Epoch 298/337
47/47 - 1s - loss: 0.1271 - accuracy: 0.9601 - val_loss: 0.2037 - val_accuracy: 0.9074 - 834ms/epoch - 18ms/step
Epoch 299/337
47/47 - 1s - loss: 0.1171 - accuracy: 0.9694 - val_loss: 0.2398 - val_accuracy: 0.8796 - 814ms/epoch - 17ms/step
Epoch 300/337
47/47 - 1s - loss: 0.1263 - accuracy: 0.9641 - val_loss: 0.2013 - val_accuracy: 0.9352 - 816ms/epoch - 17ms/step
Epoch 301/337
47/47 - 1s - loss: 0.1244 - accuracy: 0.9628 - val_loss: 0.2050 - val_accuracy: 0.9259 - 821ms/epoch - 17ms/step
Epoch 302/337
47/47 - 1s - loss: 0.1240 - accuracy: 0.9681 - val_loss: 0.2017 - val_accuracy: 0.9352 - 804ms/epoch - 17ms/step
Epoch 303/337
47/47 - 1s - loss: 0.1227 - accuracy: 0.9601 - val_loss: 0.2231 - val_accuracy: 0.8981 - 818ms/epoch - 17ms/step
Epoch 304/337
47/47 - 1s - loss: 0.1208 - accuracy: 0.9628 - val_loss: 0.2065 - val_accuracy: 0.9259 - 812ms/epoch - 17ms/step
Epoch 305/337
47/47 - 1s - loss: 0.1242 - accuracy: 0.9561 - val_loss: 0.1968 - val_accuracy: 0.9259 - 813ms/epoch - 17ms/step
Epoch 306/337
47/47 - 1s - loss: 0.1185 - accuracy: 0.9641 - val_loss: 0.2105 - val_accuracy: 0.9167 - 814ms/epoch - 17ms/step
Epoch 307/337
47/47 - 1s - loss: 0.1301 - accuracy: 0.9481 - val_loss: 0.1915 - val_accuracy: 0.9074 - 813ms/epoch - 17ms/step
Epoch 308/337
47/47 - 1s - loss: 0.1177 - accuracy: 0.9668 - val_loss: 0.2351 - val_accuracy: 0.9444 - 822ms/epoch - 17ms/step
Epoch 309/337
47/47 - 1s - loss: 0.1200 - accuracy: 0.9694 - val_loss: 0.2026 - val_accuracy: 0.9259 - 840ms/epoch - 18ms/step
Epoch 310/337
47/47 - 1s - loss: 0.1125 - accuracy: 0.9707 - val_loss: 0.2079 - val_accuracy: 0.9074 - 832ms/epoch - 18ms/step
Epoch 311/337
47/47 - 1s - loss: 0.1185 - accuracy: 0.9548 - val_loss: 0.2155 - val_accuracy: 0.9167 - 842ms/epoch - 18ms/step
Epoch 312/337
47/47 - 1s - loss: 0.1189 - accuracy: 0.9641 - val_loss: 0.2083 - val_accuracy: 0.9167 - 829ms/epoch - 18ms/step
Epoch 313/337
47/47 - 1s - loss: 0.1179 - accuracy: 0.9601 - val_loss: 0.2032 - val_accuracy: 0.9444 - 835ms/epoch - 18ms/step
Epoch 314/337
47/47 - 1s - loss: 0.1158 - accuracy: 0.9641 - val_loss: 0.2330 - val_accuracy: 0.9167 - 809ms/epoch - 17ms/step
Epoch 315/337
47/47 - 1s - loss: 0.1147 - accuracy: 0.9628 - val_loss: 0.2213 - val_accuracy: 0.9259 - 810ms/epoch - 17ms/step
Epoch 316/337
47/47 - 1s - loss: 0.1100 - accuracy: 0.9681 - val_loss: 0.2564 - val_accuracy: 0.9259 - 830ms/epoch - 18ms/step
Epoch 317/337
47/47 - 1s - loss: 0.1123 - accuracy: 0.9668 - val_loss: 0.2121 - val_accuracy: 0.9074 - 840ms/epoch - 18ms/step
Epoch 318/337
47/47 - 1s - loss: 0.1180 - accuracy: 0.9601 - val_loss: 0.2113 - val_accuracy: 0.9167 - 808ms/epoch - 17ms/step
Epoch 319/337
47/47 - 1s - loss: 0.1145 - accuracy: 0.9601 - val_loss: 0.2129 - val_accuracy: 0.9352 - 832ms/epoch - 18ms/step
Epoch 320/337
47/47 - 1s - loss: 0.1149 - accuracy: 0.9641 - val_loss: 0.2150 - val_accuracy: 0.9074 - 857ms/epoch - 18ms/step
Epoch 321/337
47/47 - 1s - loss: 0.1133 - accuracy: 0.9681 - val_loss: 0.1900 - val_accuracy: 0.9167 - 834ms/epoch - 18ms/step
Epoch 322/337
47/47 - 1s - loss: 0.1130 - accuracy: 0.9654 - val_loss: 0.1975 - val_accuracy: 0.9074 - 832ms/epoch - 18ms/step
Epoch 323/337
47/47 - 1s - loss: 0.1162 - accuracy: 0.9601 - val_loss: 0.1861 - val_accuracy: 0.9259 - 832ms/epoch - 18ms/step
Epoch 324/337
47/47 - 1s - loss: 0.1099 - accuracy: 0.9694 - val_loss: 0.2026 - val_accuracy: 0.9444 - 840ms/epoch - 18ms/step
Epoch 325/337
47/47 - 1s - loss: 0.1153 - accuracy: 0.9654 - val_loss: 0.1995 - val_accuracy: 0.9074 - 842ms/epoch - 18ms/step
Epoch 326/337
47/47 - 1s - loss: 0.1128 - accuracy: 0.9601 - val_loss: 0.2526 - val_accuracy: 0.8889 - 849ms/epoch - 18ms/step
Epoch 327/337
47/47 - 1s - loss: 0.1113 - accuracy: 0.9628 - val_loss: 0.1938 - val_accuracy: 0.9259 - 833ms/epoch - 18ms/step
Epoch 328/337
47/47 - 1s - loss: 0.1083 - accuracy: 0.9628 - val_loss: 0.2178 - val_accuracy: 0.8981 - 808ms/epoch - 17ms/step
Epoch 329/337
47/47 - 1s - loss: 0.1101 - accuracy: 0.9654 - val_loss: 0.2321 - val_accuracy: 0.9167 - 808ms/epoch - 17ms/step
Epoch 330/337
47/47 - 1s - loss: 0.1074 - accuracy: 0.9707 - val_loss: 0.2576 - val_accuracy: 0.8889 - 822ms/epoch - 17ms/step
Epoch 331/337
47/47 - 1s - loss: 0.1185 - accuracy: 0.9601 - val_loss: 0.2070 - val_accuracy: 0.9167 - 840ms/epoch - 18ms/step
Epoch 332/337
47/47 - 1s - loss: 0.1146 - accuracy: 0.9614 - val_loss: 0.2210 - val_accuracy: 0.9352 - 845ms/epoch - 18ms/step
Epoch 333/337
47/47 - 1s - loss: 0.1064 - accuracy: 0.9641 - val_loss: 0.2016 - val_accuracy: 0.9259 - 842ms/epoch - 18ms/step
Epoch 334/337
47/47 - 1s - loss: 0.1093 - accuracy: 0.9668 - val_loss: 0.1682 - val_accuracy: 0.9444 - 818ms/epoch - 17ms/step
Epoch 335/337
47/47 - 1s - loss: 0.1118 - accuracy: 0.9641 - val_loss: 0.1891 - val_accuracy: 0.9259 - 1s/epoch - 25ms/step
Epoch 336/337
47/47 - 1s - loss: 0.1096 - accuracy: 0.9668 - val_loss: 0.1909 - val_accuracy: 0.9167 - 866ms/epoch - 18ms/step
Epoch 337/337
47/47 - 1s - loss: 0.1065 - accuracy: 0.9654 - val_loss: 0.1862 - val_accuracy: 0.9259 - 954ms/epoch - 20ms/step
Finished selecting features...
Selected indices: 1,2,4,12,14,15,17,20,21,23,28,30,31,34,40,41,43,44,45,46,47,48,49,50,51,52,53,54,55,56,57,58,59,60,61,62,63,64,65,66,67,68,69,70,71,72,73,74,75,76
Starting retraining...
self.layer_sequence  is ListWrapper([67])
Epoch 1/250
47/47 - 1s - loss: 2.1171 - accuracy: 0.1449 - val_loss: 2.0756 - val_accuracy: 0.1296 - 993ms/epoch - 21ms/step
Epoch 2/250
47/47 - 0s - loss: 2.0194 - accuracy: 0.2314 - val_loss: 2.0032 - val_accuracy: 0.2685 - 412ms/epoch - 9ms/step
Epoch 3/250
47/47 - 0s - loss: 1.9374 - accuracy: 0.3205 - val_loss: 1.9158 - val_accuracy: 0.3704 - 408ms/epoch - 9ms/step
Epoch 4/250
47/47 - 0s - loss: 1.8616 - accuracy: 0.3617 - val_loss: 1.8496 - val_accuracy: 0.3981 - 415ms/epoch - 9ms/step
Epoch 5/250
47/47 - 0s - loss: 1.7739 - accuracy: 0.4481 - val_loss: 1.7570 - val_accuracy: 0.4167 - 407ms/epoch - 9ms/step
Epoch 6/250
47/47 - 0s - loss: 1.6884 - accuracy: 0.4681 - val_loss: 1.6972 - val_accuracy: 0.4537 - 413ms/epoch - 9ms/step
Epoch 7/250
47/47 - 0s - loss: 1.6155 - accuracy: 0.5027 - val_loss: 1.6199 - val_accuracy: 0.4815 - 413ms/epoch - 9ms/step
Epoch 8/250
47/47 - 0s - loss: 1.5366 - accuracy: 0.5040 - val_loss: 1.5494 - val_accuracy: 0.5278 - 402ms/epoch - 9ms/step
Epoch 9/250
47/47 - 0s - loss: 1.4675 - accuracy: 0.5545 - val_loss: 1.4797 - val_accuracy: 0.5741 - 407ms/epoch - 9ms/step
Epoch 10/250
47/47 - 0s - loss: 1.4006 - accuracy: 0.5904 - val_loss: 1.4463 - val_accuracy: 0.4630 - 407ms/epoch - 9ms/step
Epoch 11/250
47/47 - 0s - loss: 1.3439 - accuracy: 0.5864 - val_loss: 1.3635 - val_accuracy: 0.6389 - 406ms/epoch - 9ms/step
Epoch 12/250
47/47 - 0s - loss: 1.2921 - accuracy: 0.6316 - val_loss: 1.3322 - val_accuracy: 0.5185 - 409ms/epoch - 9ms/step
Epoch 13/250
47/47 - 0s - loss: 1.2455 - accuracy: 0.6303 - val_loss: 1.2710 - val_accuracy: 0.6389 - 400ms/epoch - 9ms/step
Epoch 14/250
47/47 - 0s - loss: 1.1951 - accuracy: 0.6529 - val_loss: 1.2197 - val_accuracy: 0.6111 - 404ms/epoch - 9ms/step
Epoch 15/250
47/47 - 0s - loss: 1.1526 - accuracy: 0.6662 - val_loss: 1.1685 - val_accuracy: 0.6667 - 411ms/epoch - 9ms/step
Epoch 16/250
47/47 - 0s - loss: 1.1134 - accuracy: 0.6981 - val_loss: 1.1629 - val_accuracy: 0.5926 - 410ms/epoch - 9ms/step
Epoch 17/250
47/47 - 0s - loss: 1.0761 - accuracy: 0.6968 - val_loss: 1.1395 - val_accuracy: 0.5463 - 405ms/epoch - 9ms/step
Epoch 18/250
47/47 - 0s - loss: 1.0468 - accuracy: 0.7194 - val_loss: 1.0745 - val_accuracy: 0.6759 - 405ms/epoch - 9ms/step
Epoch 19/250
47/47 - 0s - loss: 1.0121 - accuracy: 0.7168 - val_loss: 1.0448 - val_accuracy: 0.6944 - 408ms/epoch - 9ms/step
Epoch 20/250
47/47 - 0s - loss: 0.9804 - accuracy: 0.7088 - val_loss: 1.0147 - val_accuracy: 0.6481 - 413ms/epoch - 9ms/step
Epoch 21/250
47/47 - 0s - loss: 0.9627 - accuracy: 0.7207 - val_loss: 0.9809 - val_accuracy: 0.6759 - 404ms/epoch - 9ms/step
Epoch 22/250
47/47 - 0s - loss: 0.9261 - accuracy: 0.7447 - val_loss: 0.9806 - val_accuracy: 0.6481 - 408ms/epoch - 9ms/step
Epoch 23/250
47/47 - 0s - loss: 0.9095 - accuracy: 0.7540 - val_loss: 0.9605 - val_accuracy: 0.6852 - 403ms/epoch - 9ms/step
Epoch 24/250
47/47 - 0s - loss: 0.8857 - accuracy: 0.7513 - val_loss: 0.9415 - val_accuracy: 0.6667 - 402ms/epoch - 9ms/step
Epoch 25/250
47/47 - 0s - loss: 0.8663 - accuracy: 0.7699 - val_loss: 0.9096 - val_accuracy: 0.7037 - 406ms/epoch - 9ms/step
Epoch 26/250
47/47 - 0s - loss: 0.8410 - accuracy: 0.7553 - val_loss: 0.8957 - val_accuracy: 0.7130 - 406ms/epoch - 9ms/step
Epoch 27/250
47/47 - 0s - loss: 0.8261 - accuracy: 0.7819 - val_loss: 0.8628 - val_accuracy: 0.7315 - 398ms/epoch - 8ms/step
Epoch 28/250
47/47 - 0s - loss: 0.8007 - accuracy: 0.7872 - val_loss: 0.8410 - val_accuracy: 0.7500 - 404ms/epoch - 9ms/step
Epoch 29/250
47/47 - 0s - loss: 0.7857 - accuracy: 0.7819 - val_loss: 0.8429 - val_accuracy: 0.7130 - 399ms/epoch - 8ms/step
Epoch 30/250
47/47 - 0s - loss: 0.7662 - accuracy: 0.7899 - val_loss: 0.8010 - val_accuracy: 0.7593 - 402ms/epoch - 9ms/step
Epoch 31/250
47/47 - 0s - loss: 0.7445 - accuracy: 0.8112 - val_loss: 0.7994 - val_accuracy: 0.7407 - 404ms/epoch - 9ms/step
Epoch 32/250
47/47 - 0s - loss: 0.7241 - accuracy: 0.8191 - val_loss: 0.8103 - val_accuracy: 0.6667 - 405ms/epoch - 9ms/step
Epoch 33/250
47/47 - 0s - loss: 0.7193 - accuracy: 0.8085 - val_loss: 0.7806 - val_accuracy: 0.7407 - 403ms/epoch - 9ms/step
Epoch 34/250
47/47 - 0s - loss: 0.6988 - accuracy: 0.8271 - val_loss: 0.7844 - val_accuracy: 0.7315 - 407ms/epoch - 9ms/step
Epoch 35/250
47/47 - 0s - loss: 0.6882 - accuracy: 0.8258 - val_loss: 0.7457 - val_accuracy: 0.7685 - 411ms/epoch - 9ms/step
Epoch 36/250
47/47 - 0s - loss: 0.6736 - accuracy: 0.8245 - val_loss: 0.7060 - val_accuracy: 0.8241 - 402ms/epoch - 9ms/step
Epoch 37/250
47/47 - 0s - loss: 0.6533 - accuracy: 0.8324 - val_loss: 0.7315 - val_accuracy: 0.7222 - 399ms/epoch - 8ms/step
Epoch 38/250
47/47 - 0s - loss: 0.6407 - accuracy: 0.8258 - val_loss: 0.7049 - val_accuracy: 0.7407 - 397ms/epoch - 8ms/step
Epoch 39/250
47/47 - 0s - loss: 0.6283 - accuracy: 0.8298 - val_loss: 0.6771 - val_accuracy: 0.7778 - 404ms/epoch - 9ms/step
Epoch 40/250
47/47 - 0s - loss: 0.6173 - accuracy: 0.8364 - val_loss: 0.6765 - val_accuracy: 0.7685 - 412ms/epoch - 9ms/step
Epoch 41/250
47/47 - 0s - loss: 0.6032 - accuracy: 0.8404 - val_loss: 0.6543 - val_accuracy: 0.7778 - 398ms/epoch - 8ms/step
Epoch 42/250
47/47 - 0s - loss: 0.5984 - accuracy: 0.8418 - val_loss: 0.6505 - val_accuracy: 0.7778 - 401ms/epoch - 9ms/step
Epoch 43/250
47/47 - 0s - loss: 0.5859 - accuracy: 0.8511 - val_loss: 0.6392 - val_accuracy: 0.7870 - 402ms/epoch - 9ms/step
Epoch 44/250
47/47 - 0s - loss: 0.5729 - accuracy: 0.8551 - val_loss: 0.6124 - val_accuracy: 0.8241 - 406ms/epoch - 9ms/step
Epoch 45/250
47/47 - 0s - loss: 0.5663 - accuracy: 0.8457 - val_loss: 0.6431 - val_accuracy: 0.7778 - 411ms/epoch - 9ms/step
Epoch 46/250
47/47 - 0s - loss: 0.5575 - accuracy: 0.8590 - val_loss: 0.5929 - val_accuracy: 0.8241 - 404ms/epoch - 9ms/step
Epoch 47/250
47/47 - 0s - loss: 0.5411 - accuracy: 0.8630 - val_loss: 0.5976 - val_accuracy: 0.8056 - 404ms/epoch - 9ms/step
Epoch 48/250
47/47 - 0s - loss: 0.5288 - accuracy: 0.8710 - val_loss: 0.6133 - val_accuracy: 0.7870 - 410ms/epoch - 9ms/step
Epoch 49/250
47/47 - 0s - loss: 0.5265 - accuracy: 0.8630 - val_loss: 0.5990 - val_accuracy: 0.7685 - 404ms/epoch - 9ms/step
Epoch 50/250
47/47 - 0s - loss: 0.5199 - accuracy: 0.8657 - val_loss: 0.5836 - val_accuracy: 0.7778 - 413ms/epoch - 9ms/step
Epoch 51/250
47/47 - 0s - loss: 0.5108 - accuracy: 0.8684 - val_loss: 0.5891 - val_accuracy: 0.7963 - 398ms/epoch - 8ms/step
Epoch 52/250
47/47 - 0s - loss: 0.4967 - accuracy: 0.8657 - val_loss: 0.5680 - val_accuracy: 0.7870 - 396ms/epoch - 8ms/step
Epoch 53/250
47/47 - 0s - loss: 0.4906 - accuracy: 0.8723 - val_loss: 0.5574 - val_accuracy: 0.8148 - 397ms/epoch - 8ms/step
Epoch 54/250
47/47 - 0s - loss: 0.4800 - accuracy: 0.8777 - val_loss: 0.5589 - val_accuracy: 0.8056 - 403ms/epoch - 9ms/step
Epoch 55/250
47/47 - 0s - loss: 0.4792 - accuracy: 0.8723 - val_loss: 0.5549 - val_accuracy: 0.8056 - 400ms/epoch - 9ms/step
Epoch 56/250
47/47 - 0s - loss: 0.4724 - accuracy: 0.8737 - val_loss: 0.5485 - val_accuracy: 0.7963 - 406ms/epoch - 9ms/step
Epoch 57/250
47/47 - 0s - loss: 0.4647 - accuracy: 0.8843 - val_loss: 0.5340 - val_accuracy: 0.8426 - 394ms/epoch - 8ms/step
Epoch 58/250
47/47 - 0s - loss: 0.4617 - accuracy: 0.8883 - val_loss: 0.5273 - val_accuracy: 0.8148 - 396ms/epoch - 8ms/step
Epoch 59/250
47/47 - 0s - loss: 0.4477 - accuracy: 0.8883 - val_loss: 0.5306 - val_accuracy: 0.8241 - 404ms/epoch - 9ms/step
Epoch 60/250
47/47 - 0s - loss: 0.4437 - accuracy: 0.8856 - val_loss: 0.5184 - val_accuracy: 0.8241 - 404ms/epoch - 9ms/step
Epoch 61/250
47/47 - 0s - loss: 0.4394 - accuracy: 0.8936 - val_loss: 0.5502 - val_accuracy: 0.7685 - 400ms/epoch - 9ms/step
Epoch 62/250
47/47 - 0s - loss: 0.4418 - accuracy: 0.8896 - val_loss: 0.4879 - val_accuracy: 0.8241 - 400ms/epoch - 9ms/step
Epoch 63/250
47/47 - 0s - loss: 0.4258 - accuracy: 0.8830 - val_loss: 0.5376 - val_accuracy: 0.8056 - 397ms/epoch - 8ms/step
Epoch 64/250
47/47 - 0s - loss: 0.4235 - accuracy: 0.8976 - val_loss: 0.4905 - val_accuracy: 0.8333 - 409ms/epoch - 9ms/step
Epoch 65/250
47/47 - 0s - loss: 0.4098 - accuracy: 0.8976 - val_loss: 0.5507 - val_accuracy: 0.7778 - 401ms/epoch - 9ms/step
Epoch 66/250
47/47 - 0s - loss: 0.4119 - accuracy: 0.8910 - val_loss: 0.4877 - val_accuracy: 0.8241 - 418ms/epoch - 9ms/step
Epoch 67/250
47/47 - 0s - loss: 0.4083 - accuracy: 0.9003 - val_loss: 0.4824 - val_accuracy: 0.8426 - 404ms/epoch - 9ms/step
Epoch 68/250
47/47 - 0s - loss: 0.3994 - accuracy: 0.8949 - val_loss: 0.4571 - val_accuracy: 0.8519 - 413ms/epoch - 9ms/step
Epoch 69/250
47/47 - 0s - loss: 0.3924 - accuracy: 0.9043 - val_loss: 0.4778 - val_accuracy: 0.8426 - 405ms/epoch - 9ms/step
Epoch 70/250
47/47 - 0s - loss: 0.3858 - accuracy: 0.9016 - val_loss: 0.4539 - val_accuracy: 0.8426 - 403ms/epoch - 9ms/step
Epoch 71/250
47/47 - 0s - loss: 0.3829 - accuracy: 0.9029 - val_loss: 0.4756 - val_accuracy: 0.8426 - 405ms/epoch - 9ms/step
Epoch 72/250
47/47 - 0s - loss: 0.3836 - accuracy: 0.9029 - val_loss: 0.4606 - val_accuracy: 0.8241 - 402ms/epoch - 9ms/step
Epoch 73/250
47/47 - 0s - loss: 0.3720 - accuracy: 0.9149 - val_loss: 0.4478 - val_accuracy: 0.8519 - 403ms/epoch - 9ms/step
Epoch 74/250
47/47 - 0s - loss: 0.3724 - accuracy: 0.9122 - val_loss: 0.4456 - val_accuracy: 0.8519 - 400ms/epoch - 9ms/step
Epoch 75/250
47/47 - 0s - loss: 0.3629 - accuracy: 0.9056 - val_loss: 0.4322 - val_accuracy: 0.8519 - 406ms/epoch - 9ms/step
Epoch 76/250
47/47 - 0s - loss: 0.3635 - accuracy: 0.9109 - val_loss: 0.4334 - val_accuracy: 0.8333 - 401ms/epoch - 9ms/step
Epoch 77/250
47/47 - 0s - loss: 0.3553 - accuracy: 0.9162 - val_loss: 0.4567 - val_accuracy: 0.8241 - 399ms/epoch - 8ms/step
Epoch 78/250
47/47 - 0s - loss: 0.3480 - accuracy: 0.9189 - val_loss: 0.4241 - val_accuracy: 0.8426 - 408ms/epoch - 9ms/step
Epoch 79/250
47/47 - 0s - loss: 0.3502 - accuracy: 0.9136 - val_loss: 0.4418 - val_accuracy: 0.8241 - 398ms/epoch - 8ms/step
Epoch 80/250
47/47 - 0s - loss: 0.3430 - accuracy: 0.9242 - val_loss: 0.4408 - val_accuracy: 0.8333 - 403ms/epoch - 9ms/step
Epoch 81/250
47/47 - 0s - loss: 0.3445 - accuracy: 0.9096 - val_loss: 0.4330 - val_accuracy: 0.8426 - 409ms/epoch - 9ms/step
Epoch 82/250
47/47 - 0s - loss: 0.3368 - accuracy: 0.9189 - val_loss: 0.4161 - val_accuracy: 0.8519 - 399ms/epoch - 8ms/step
Epoch 83/250
47/47 - 0s - loss: 0.3397 - accuracy: 0.9136 - val_loss: 0.4137 - val_accuracy: 0.8519 - 404ms/epoch - 9ms/step
Epoch 84/250
47/47 - 0s - loss: 0.3292 - accuracy: 0.9149 - val_loss: 0.4333 - val_accuracy: 0.8519 - 402ms/epoch - 9ms/step
Epoch 85/250
47/47 - 0s - loss: 0.3229 - accuracy: 0.9176 - val_loss: 0.4057 - val_accuracy: 0.8704 - 407ms/epoch - 9ms/step
Epoch 86/250
47/47 - 0s - loss: 0.3259 - accuracy: 0.9176 - val_loss: 0.4397 - val_accuracy: 0.8333 - 405ms/epoch - 9ms/step
Epoch 87/250
47/47 - 0s - loss: 0.3208 - accuracy: 0.9282 - val_loss: 0.4048 - val_accuracy: 0.8519 - 399ms/epoch - 8ms/step
Epoch 88/250
47/47 - 0s - loss: 0.3239 - accuracy: 0.9149 - val_loss: 0.4161 - val_accuracy: 0.8611 - 401ms/epoch - 9ms/step
Epoch 89/250
47/47 - 0s - loss: 0.3148 - accuracy: 0.9242 - val_loss: 0.4097 - val_accuracy: 0.8611 - 402ms/epoch - 9ms/step
Epoch 90/250
47/47 - 0s - loss: 0.3116 - accuracy: 0.9242 - val_loss: 0.3840 - val_accuracy: 0.8611 - 399ms/epoch - 8ms/step
Epoch 91/250
47/47 - 0s - loss: 0.3115 - accuracy: 0.9122 - val_loss: 0.4150 - val_accuracy: 0.8426 - 400ms/epoch - 9ms/step
Epoch 92/250
47/47 - 0s - loss: 0.3027 - accuracy: 0.9122 - val_loss: 0.4433 - val_accuracy: 0.8519 - 405ms/epoch - 9ms/step
Epoch 93/250
47/47 - 0s - loss: 0.3028 - accuracy: 0.9282 - val_loss: 0.4164 - val_accuracy: 0.8426 - 403ms/epoch - 9ms/step
Epoch 94/250
47/47 - 0s - loss: 0.2993 - accuracy: 0.9202 - val_loss: 0.3903 - val_accuracy: 0.8796 - 403ms/epoch - 9ms/step
Epoch 95/250
47/47 - 0s - loss: 0.3023 - accuracy: 0.9109 - val_loss: 0.3912 - val_accuracy: 0.8796 - 397ms/epoch - 8ms/step
Epoch 96/250
47/47 - 0s - loss: 0.2964 - accuracy: 0.9176 - val_loss: 0.3687 - val_accuracy: 0.8611 - 406ms/epoch - 9ms/step
Epoch 97/250
47/47 - 0s - loss: 0.2957 - accuracy: 0.9269 - val_loss: 0.3917 - val_accuracy: 0.8426 - 414ms/epoch - 9ms/step
Epoch 98/250
47/47 - 1s - loss: 0.2853 - accuracy: 0.9295 - val_loss: 0.4077 - val_accuracy: 0.8889 - 610ms/epoch - 13ms/step
Epoch 99/250
47/47 - 1s - loss: 0.2920 - accuracy: 0.9176 - val_loss: 0.3674 - val_accuracy: 0.8889 - 702ms/epoch - 15ms/step
Epoch 100/250
47/47 - 0s - loss: 0.2828 - accuracy: 0.9322 - val_loss: 0.3840 - val_accuracy: 0.8704 - 410ms/epoch - 9ms/step
Epoch 101/250
47/47 - 0s - loss: 0.2877 - accuracy: 0.9215 - val_loss: 0.3889 - val_accuracy: 0.8796 - 403ms/epoch - 9ms/step
Epoch 102/250
47/47 - 1s - loss: 0.2792 - accuracy: 0.9282 - val_loss: 0.3530 - val_accuracy: 0.8704 - 522ms/epoch - 11ms/step
Epoch 103/250
47/47 - 0s - loss: 0.2722 - accuracy: 0.9335 - val_loss: 0.3705 - val_accuracy: 0.8611 - 419ms/epoch - 9ms/step
Epoch 104/250
47/47 - 0s - loss: 0.2757 - accuracy: 0.9269 - val_loss: 0.3635 - val_accuracy: 0.8611 - 405ms/epoch - 9ms/step
Epoch 105/250
47/47 - 0s - loss: 0.2700 - accuracy: 0.9309 - val_loss: 0.3644 - val_accuracy: 0.8519 - 397ms/epoch - 8ms/step
Epoch 106/250
47/47 - 0s - loss: 0.2696 - accuracy: 0.9295 - val_loss: 0.3755 - val_accuracy: 0.8889 - 400ms/epoch - 9ms/step
Epoch 107/250
47/47 - 0s - loss: 0.2666 - accuracy: 0.9322 - val_loss: 0.4011 - val_accuracy: 0.8519 - 398ms/epoch - 8ms/step
Epoch 108/250
47/47 - 0s - loss: 0.2686 - accuracy: 0.9282 - val_loss: 0.3702 - val_accuracy: 0.8519 - 404ms/epoch - 9ms/step
Epoch 109/250
47/47 - 0s - loss: 0.2594 - accuracy: 0.9322 - val_loss: 0.4386 - val_accuracy: 0.8519 - 406ms/epoch - 9ms/step
Epoch 110/250
47/47 - 0s - loss: 0.2624 - accuracy: 0.9309 - val_loss: 0.3452 - val_accuracy: 0.8704 - 399ms/epoch - 8ms/step
Epoch 111/250
47/47 - 0s - loss: 0.2579 - accuracy: 0.9322 - val_loss: 0.3495 - val_accuracy: 0.8889 - 422ms/epoch - 9ms/step
Epoch 112/250
47/47 - 0s - loss: 0.2496 - accuracy: 0.9309 - val_loss: 0.3499 - val_accuracy: 0.8611 - 413ms/epoch - 9ms/step
Epoch 113/250
47/47 - 0s - loss: 0.2551 - accuracy: 0.9335 - val_loss: 0.3525 - val_accuracy: 0.8796 - 409ms/epoch - 9ms/step
Epoch 114/250
47/47 - 0s - loss: 0.2539 - accuracy: 0.9322 - val_loss: 0.3644 - val_accuracy: 0.8704 - 405ms/epoch - 9ms/step
Epoch 115/250
47/47 - 0s - loss: 0.2516 - accuracy: 0.9295 - val_loss: 0.4153 - val_accuracy: 0.8241 - 406ms/epoch - 9ms/step
Epoch 116/250
47/47 - 0s - loss: 0.2474 - accuracy: 0.9375 - val_loss: 0.3771 - val_accuracy: 0.8519 - 407ms/epoch - 9ms/step
Epoch 117/250
47/47 - 0s - loss: 0.2485 - accuracy: 0.9375 - val_loss: 0.3351 - val_accuracy: 0.8796 - 434ms/epoch - 9ms/step
Epoch 118/250
47/47 - 0s - loss: 0.2439 - accuracy: 0.9428 - val_loss: 0.3312 - val_accuracy: 0.8796 - 454ms/epoch - 10ms/step
Epoch 119/250
47/47 - 0s - loss: 0.2399 - accuracy: 0.9415 - val_loss: 0.3813 - val_accuracy: 0.8519 - 402ms/epoch - 9ms/step
Epoch 120/250
47/47 - 0s - loss: 0.2421 - accuracy: 0.9402 - val_loss: 0.3355 - val_accuracy: 0.8796 - 401ms/epoch - 9ms/step
Epoch 121/250
47/47 - 0s - loss: 0.2370 - accuracy: 0.9375 - val_loss: 0.3534 - val_accuracy: 0.8796 - 403ms/epoch - 9ms/step
Epoch 122/250
47/47 - 0s - loss: 0.2348 - accuracy: 0.9362 - val_loss: 0.3612 - val_accuracy: 0.8704 - 406ms/epoch - 9ms/step
Epoch 123/250
47/47 - 0s - loss: 0.2321 - accuracy: 0.9455 - val_loss: 0.3390 - val_accuracy: 0.8981 - 402ms/epoch - 9ms/step
Epoch 124/250
47/47 - 0s - loss: 0.2339 - accuracy: 0.9455 - val_loss: 0.3739 - val_accuracy: 0.8611 - 421ms/epoch - 9ms/step
Epoch 125/250
47/47 - 0s - loss: 0.2311 - accuracy: 0.9402 - val_loss: 0.3514 - val_accuracy: 0.8981 - 404ms/epoch - 9ms/step
Epoch 126/250
47/47 - 0s - loss: 0.2336 - accuracy: 0.9388 - val_loss: 0.3268 - val_accuracy: 0.8796 - 408ms/epoch - 9ms/step
Epoch 127/250
47/47 - 0s - loss: 0.2296 - accuracy: 0.9402 - val_loss: 0.3619 - val_accuracy: 0.8704 - 407ms/epoch - 9ms/step
Epoch 128/250
47/47 - 0s - loss: 0.2314 - accuracy: 0.9348 - val_loss: 0.3086 - val_accuracy: 0.8889 - 404ms/epoch - 9ms/step
Epoch 129/250
47/47 - 0s - loss: 0.2225 - accuracy: 0.9428 - val_loss: 0.3296 - val_accuracy: 0.8889 - 403ms/epoch - 9ms/step
Epoch 130/250
47/47 - 0s - loss: 0.2245 - accuracy: 0.9428 - val_loss: 0.3106 - val_accuracy: 0.8981 - 412ms/epoch - 9ms/step
Epoch 131/250
47/47 - 0s - loss: 0.2180 - accuracy: 0.9362 - val_loss: 0.3667 - val_accuracy: 0.8889 - 402ms/epoch - 9ms/step
Epoch 132/250
47/47 - 0s - loss: 0.2203 - accuracy: 0.9441 - val_loss: 0.3591 - val_accuracy: 0.8611 - 404ms/epoch - 9ms/step
Epoch 133/250
47/47 - 0s - loss: 0.2166 - accuracy: 0.9428 - val_loss: 0.3278 - val_accuracy: 0.8796 - 405ms/epoch - 9ms/step
Epoch 134/250
47/47 - 0s - loss: 0.2201 - accuracy: 0.9348 - val_loss: 0.3370 - val_accuracy: 0.8796 - 412ms/epoch - 9ms/step
Epoch 135/250
47/47 - 0s - loss: 0.2156 - accuracy: 0.9535 - val_loss: 0.3081 - val_accuracy: 0.8796 - 398ms/epoch - 8ms/step
Epoch 136/250
47/47 - 0s - loss: 0.2115 - accuracy: 0.9455 - val_loss: 0.3235 - val_accuracy: 0.8796 - 405ms/epoch - 9ms/step
Epoch 137/250
47/47 - 0s - loss: 0.2135 - accuracy: 0.9428 - val_loss: 0.3076 - val_accuracy: 0.8889 - 398ms/epoch - 8ms/step
Epoch 138/250
47/47 - 0s - loss: 0.2138 - accuracy: 0.9375 - val_loss: 0.3270 - val_accuracy: 0.8981 - 406ms/epoch - 9ms/step
Epoch 139/250
47/47 - 0s - loss: 0.2096 - accuracy: 0.9388 - val_loss: 0.3524 - val_accuracy: 0.8981 - 408ms/epoch - 9ms/step
Epoch 140/250
47/47 - 0s - loss: 0.2078 - accuracy: 0.9428 - val_loss: 0.3370 - val_accuracy: 0.8704 - 401ms/epoch - 9ms/step
Epoch 141/250
47/47 - 0s - loss: 0.2012 - accuracy: 0.9455 - val_loss: 0.3580 - val_accuracy: 0.8519 - 408ms/epoch - 9ms/step
Epoch 142/250
47/47 - 0s - loss: 0.2055 - accuracy: 0.9402 - val_loss: 0.3659 - val_accuracy: 0.8704 - 408ms/epoch - 9ms/step
Epoch 143/250
47/47 - 0s - loss: 0.2028 - accuracy: 0.9468 - val_loss: 0.3384 - val_accuracy: 0.8889 - 404ms/epoch - 9ms/step
Epoch 144/250
47/47 - 0s - loss: 0.2064 - accuracy: 0.9495 - val_loss: 0.3146 - val_accuracy: 0.8981 - 393ms/epoch - 8ms/step
Epoch 145/250
47/47 - 0s - loss: 0.1972 - accuracy: 0.9574 - val_loss: 0.3053 - val_accuracy: 0.9074 - 414ms/epoch - 9ms/step
Epoch 146/250
47/47 - 0s - loss: 0.2016 - accuracy: 0.9428 - val_loss: 0.3356 - val_accuracy: 0.8704 - 396ms/epoch - 8ms/step
Epoch 147/250
47/47 - 0s - loss: 0.1948 - accuracy: 0.9481 - val_loss: 0.3250 - val_accuracy: 0.8889 - 395ms/epoch - 8ms/step
Epoch 148/250
47/47 - 0s - loss: 0.1992 - accuracy: 0.9388 - val_loss: 0.2813 - val_accuracy: 0.8796 - 393ms/epoch - 8ms/step
Epoch 149/250
47/47 - 0s - loss: 0.1958 - accuracy: 0.9455 - val_loss: 0.2955 - val_accuracy: 0.8981 - 408ms/epoch - 9ms/step
Epoch 150/250
47/47 - 0s - loss: 0.2028 - accuracy: 0.9415 - val_loss: 0.2890 - val_accuracy: 0.9167 - 380ms/epoch - 8ms/step
Epoch 151/250
47/47 - 0s - loss: 0.1971 - accuracy: 0.9415 - val_loss: 0.2922 - val_accuracy: 0.9167 - 390ms/epoch - 8ms/step
Epoch 152/250
47/47 - 0s - loss: 0.1886 - accuracy: 0.9548 - val_loss: 0.3284 - val_accuracy: 0.8889 - 384ms/epoch - 8ms/step
Epoch 153/250
47/47 - 0s - loss: 0.1928 - accuracy: 0.9481 - val_loss: 0.2817 - val_accuracy: 0.9074 - 391ms/epoch - 8ms/step
Epoch 154/250
47/47 - 0s - loss: 0.1883 - accuracy: 0.9535 - val_loss: 0.3172 - val_accuracy: 0.8981 - 394ms/epoch - 8ms/step
Epoch 155/250
47/47 - 0s - loss: 0.1928 - accuracy: 0.9508 - val_loss: 0.2817 - val_accuracy: 0.8796 - 387ms/epoch - 8ms/step
Epoch 156/250
47/47 - 0s - loss: 0.1851 - accuracy: 0.9521 - val_loss: 0.2775 - val_accuracy: 0.9074 - 441ms/epoch - 9ms/step
Epoch 157/250
47/47 - 0s - loss: 0.1830 - accuracy: 0.9495 - val_loss: 0.2649 - val_accuracy: 0.9074 - 422ms/epoch - 9ms/step
Epoch 158/250
47/47 - 1s - loss: 0.1787 - accuracy: 0.9574 - val_loss: 0.3131 - val_accuracy: 0.8796 - 526ms/epoch - 11ms/step
Epoch 159/250
47/47 - 0s - loss: 0.1808 - accuracy: 0.9561 - val_loss: 0.3402 - val_accuracy: 0.8611 - 394ms/epoch - 8ms/step
Epoch 160/250
47/47 - 0s - loss: 0.1868 - accuracy: 0.9441 - val_loss: 0.3015 - val_accuracy: 0.8889 - 396ms/epoch - 8ms/step
Epoch 161/250
47/47 - 0s - loss: 0.1773 - accuracy: 0.9561 - val_loss: 0.2878 - val_accuracy: 0.9167 - 395ms/epoch - 8ms/step
Epoch 162/250
47/47 - 0s - loss: 0.1773 - accuracy: 0.9548 - val_loss: 0.2980 - val_accuracy: 0.8889 - 392ms/epoch - 8ms/step
Epoch 163/250
47/47 - 0s - loss: 0.1867 - accuracy: 0.9508 - val_loss: 0.2958 - val_accuracy: 0.9167 - 388ms/epoch - 8ms/step
Epoch 164/250
47/47 - 0s - loss: 0.1764 - accuracy: 0.9535 - val_loss: 0.2923 - val_accuracy: 0.8981 - 387ms/epoch - 8ms/step
Epoch 165/250
47/47 - 0s - loss: 0.1775 - accuracy: 0.9561 - val_loss: 0.2854 - val_accuracy: 0.8889 - 385ms/epoch - 8ms/step
Epoch 166/250
47/47 - 0s - loss: 0.1725 - accuracy: 0.9561 - val_loss: 0.2959 - val_accuracy: 0.8981 - 387ms/epoch - 8ms/step
Epoch 167/250
47/47 - 0s - loss: 0.1766 - accuracy: 0.9561 - val_loss: 0.2913 - val_accuracy: 0.9167 - 382ms/epoch - 8ms/step
Epoch 168/250
47/47 - 0s - loss: 0.1773 - accuracy: 0.9455 - val_loss: 0.2673 - val_accuracy: 0.9167 - 384ms/epoch - 8ms/step
Epoch 169/250
47/47 - 0s - loss: 0.1718 - accuracy: 0.9535 - val_loss: 0.2957 - val_accuracy: 0.8889 - 390ms/epoch - 8ms/step
Epoch 170/250
47/47 - 0s - loss: 0.1715 - accuracy: 0.9628 - val_loss: 0.2908 - val_accuracy: 0.9074 - 382ms/epoch - 8ms/step
Epoch 171/250
47/47 - 0s - loss: 0.1670 - accuracy: 0.9574 - val_loss: 0.2983 - val_accuracy: 0.8981 - 414ms/epoch - 9ms/step
Epoch 172/250
47/47 - 0s - loss: 0.1702 - accuracy: 0.9588 - val_loss: 0.3130 - val_accuracy: 0.8796 - 406ms/epoch - 9ms/step
Epoch 173/250
47/47 - 0s - loss: 0.1662 - accuracy: 0.9548 - val_loss: 0.2602 - val_accuracy: 0.9074 - 391ms/epoch - 8ms/step
Epoch 174/250
47/47 - 0s - loss: 0.1661 - accuracy: 0.9561 - val_loss: 0.2802 - val_accuracy: 0.8889 - 389ms/epoch - 8ms/step
Epoch 175/250
47/47 - 0s - loss: 0.1693 - accuracy: 0.9495 - val_loss: 0.2858 - val_accuracy: 0.8889 - 384ms/epoch - 8ms/step
Epoch 176/250
47/47 - 0s - loss: 0.1669 - accuracy: 0.9601 - val_loss: 0.2771 - val_accuracy: 0.9167 - 383ms/epoch - 8ms/step
Epoch 177/250
47/47 - 0s - loss: 0.1629 - accuracy: 0.9521 - val_loss: 0.2657 - val_accuracy: 0.8981 - 377ms/epoch - 8ms/step
Epoch 178/250
47/47 - 0s - loss: 0.1631 - accuracy: 0.9614 - val_loss: 0.2650 - val_accuracy: 0.9167 - 386ms/epoch - 8ms/step
Epoch 179/250
47/47 - 0s - loss: 0.1608 - accuracy: 0.9548 - val_loss: 0.2865 - val_accuracy: 0.8889 - 380ms/epoch - 8ms/step
Epoch 180/250
47/47 - 0s - loss: 0.1647 - accuracy: 0.9548 - val_loss: 0.2696 - val_accuracy: 0.9074 - 384ms/epoch - 8ms/step
Epoch 181/250
47/47 - 0s - loss: 0.1573 - accuracy: 0.9614 - val_loss: 0.2905 - val_accuracy: 0.8981 - 384ms/epoch - 8ms/step
Epoch 182/250
47/47 - 0s - loss: 0.1586 - accuracy: 0.9614 - val_loss: 0.2532 - val_accuracy: 0.9167 - 409ms/epoch - 9ms/step
Epoch 183/250
47/47 - 0s - loss: 0.1602 - accuracy: 0.9628 - val_loss: 0.2677 - val_accuracy: 0.9167 - 461ms/epoch - 10ms/step
Epoch 184/250
47/47 - 0s - loss: 0.1610 - accuracy: 0.9574 - val_loss: 0.2758 - val_accuracy: 0.8981 - 437ms/epoch - 9ms/step
Epoch 185/250
47/47 - 0s - loss: 0.1574 - accuracy: 0.9521 - val_loss: 0.2702 - val_accuracy: 0.9167 - 431ms/epoch - 9ms/step
Epoch 186/250
47/47 - 0s - loss: 0.1553 - accuracy: 0.9535 - val_loss: 0.2910 - val_accuracy: 0.9074 - 406ms/epoch - 9ms/step
Epoch 187/250
47/47 - 0s - loss: 0.1584 - accuracy: 0.9535 - val_loss: 0.2871 - val_accuracy: 0.8981 - 406ms/epoch - 9ms/step
Epoch 188/250
47/47 - 0s - loss: 0.1539 - accuracy: 0.9548 - val_loss: 0.2819 - val_accuracy: 0.9074 - 412ms/epoch - 9ms/step
Epoch 189/250
47/47 - 0s - loss: 0.1589 - accuracy: 0.9561 - val_loss: 0.2810 - val_accuracy: 0.9167 - 377ms/epoch - 8ms/step
Epoch 190/250
47/47 - 0s - loss: 0.1459 - accuracy: 0.9668 - val_loss: 0.2896 - val_accuracy: 0.9074 - 391ms/epoch - 8ms/step
Epoch 191/250
47/47 - 0s - loss: 0.1513 - accuracy: 0.9641 - val_loss: 0.2533 - val_accuracy: 0.9167 - 411ms/epoch - 9ms/step
Epoch 192/250
47/47 - 0s - loss: 0.1483 - accuracy: 0.9681 - val_loss: 0.3198 - val_accuracy: 0.8889 - 394ms/epoch - 8ms/step
Epoch 193/250
47/47 - 0s - loss: 0.1574 - accuracy: 0.9535 - val_loss: 0.2891 - val_accuracy: 0.8889 - 386ms/epoch - 8ms/step
Epoch 194/250
47/47 - 0s - loss: 0.1523 - accuracy: 0.9614 - val_loss: 0.2564 - val_accuracy: 0.8981 - 403ms/epoch - 9ms/step
Epoch 195/250
47/47 - 0s - loss: 0.1486 - accuracy: 0.9601 - val_loss: 0.2660 - val_accuracy: 0.9074 - 390ms/epoch - 8ms/step
Epoch 196/250
47/47 - 0s - loss: 0.1471 - accuracy: 0.9601 - val_loss: 0.2807 - val_accuracy: 0.8981 - 475ms/epoch - 10ms/step
Epoch 197/250
47/47 - 0s - loss: 0.1513 - accuracy: 0.9601 - val_loss: 0.2770 - val_accuracy: 0.9074 - 402ms/epoch - 9ms/step
Epoch 198/250
47/47 - 0s - loss: 0.1460 - accuracy: 0.9641 - val_loss: 0.3086 - val_accuracy: 0.8889 - 436ms/epoch - 9ms/step
Epoch 199/250
47/47 - 0s - loss: 0.1478 - accuracy: 0.9535 - val_loss: 0.2591 - val_accuracy: 0.9167 - 388ms/epoch - 8ms/step
Epoch 200/250
47/47 - 0s - loss: 0.1438 - accuracy: 0.9614 - val_loss: 0.2496 - val_accuracy: 0.8796 - 388ms/epoch - 8ms/step
Epoch 201/250
47/47 - 0s - loss: 0.1444 - accuracy: 0.9628 - val_loss: 0.3355 - val_accuracy: 0.8519 - 429ms/epoch - 9ms/step
Epoch 202/250
47/47 - 0s - loss: 0.1478 - accuracy: 0.9601 - val_loss: 0.2886 - val_accuracy: 0.8889 - 486ms/epoch - 10ms/step
Epoch 203/250
47/47 - 0s - loss: 0.1412 - accuracy: 0.9694 - val_loss: 0.2651 - val_accuracy: 0.8981 - 407ms/epoch - 9ms/step
Epoch 204/250
47/47 - 0s - loss: 0.1361 - accuracy: 0.9694 - val_loss: 0.2834 - val_accuracy: 0.8796 - 389ms/epoch - 8ms/step
Epoch 205/250
47/47 - 0s - loss: 0.1438 - accuracy: 0.9614 - val_loss: 0.2561 - val_accuracy: 0.8981 - 412ms/epoch - 9ms/step
Epoch 206/250
47/47 - 0s - loss: 0.1427 - accuracy: 0.9614 - val_loss: 0.2529 - val_accuracy: 0.9167 - 392ms/epoch - 8ms/step
Epoch 207/250
47/47 - 0s - loss: 0.1404 - accuracy: 0.9588 - val_loss: 0.2401 - val_accuracy: 0.9167 - 396ms/epoch - 8ms/step
Epoch 208/250
47/47 - 0s - loss: 0.1408 - accuracy: 0.9601 - val_loss: 0.2373 - val_accuracy: 0.9167 - 402ms/epoch - 9ms/step
Epoch 209/250
47/47 - 0s - loss: 0.1389 - accuracy: 0.9561 - val_loss: 0.2769 - val_accuracy: 0.8704 - 457ms/epoch - 10ms/step
Epoch 210/250
47/47 - 0s - loss: 0.1419 - accuracy: 0.9561 - val_loss: 0.2738 - val_accuracy: 0.8981 - 391ms/epoch - 8ms/step
Epoch 211/250
47/47 - 0s - loss: 0.1413 - accuracy: 0.9574 - val_loss: 0.2500 - val_accuracy: 0.9074 - 413ms/epoch - 9ms/step
Epoch 212/250
47/47 - 0s - loss: 0.1386 - accuracy: 0.9641 - val_loss: 0.2599 - val_accuracy: 0.8981 - 403ms/epoch - 9ms/step
Epoch 213/250
47/47 - 0s - loss: 0.1373 - accuracy: 0.9641 - val_loss: 0.2397 - val_accuracy: 0.9074 - 408ms/epoch - 9ms/step
Epoch 214/250
47/47 - 0s - loss: 0.1326 - accuracy: 0.9694 - val_loss: 0.2902 - val_accuracy: 0.9074 - 412ms/epoch - 9ms/step
Epoch 215/250
47/47 - 0s - loss: 0.1330 - accuracy: 0.9668 - val_loss: 0.2809 - val_accuracy: 0.8981 - 390ms/epoch - 8ms/step
Epoch 216/250
47/47 - 0s - loss: 0.1350 - accuracy: 0.9641 - val_loss: 0.2854 - val_accuracy: 0.9259 - 398ms/epoch - 8ms/step
Epoch 217/250
47/47 - 0s - loss: 0.1324 - accuracy: 0.9614 - val_loss: 0.2538 - val_accuracy: 0.9074 - 420ms/epoch - 9ms/step
Epoch 218/250
47/47 - 0s - loss: 0.1304 - accuracy: 0.9668 - val_loss: 0.2414 - val_accuracy: 0.9259 - 405ms/epoch - 9ms/step
Epoch 219/250
47/47 - 0s - loss: 0.1254 - accuracy: 0.9654 - val_loss: 0.2442 - val_accuracy: 0.9352 - 379ms/epoch - 8ms/step
Epoch 220/250
47/47 - 0s - loss: 0.1275 - accuracy: 0.9747 - val_loss: 0.2978 - val_accuracy: 0.8796 - 394ms/epoch - 8ms/step
Epoch 221/250
47/47 - 0s - loss: 0.1322 - accuracy: 0.9641 - val_loss: 0.2613 - val_accuracy: 0.9167 - 408ms/epoch - 9ms/step
Epoch 222/250
47/47 - 0s - loss: 0.1349 - accuracy: 0.9628 - val_loss: 0.2417 - val_accuracy: 0.9167 - 441ms/epoch - 9ms/step
Epoch 223/250
47/47 - 0s - loss: 0.1314 - accuracy: 0.9641 - val_loss: 0.2344 - val_accuracy: 0.9259 - 401ms/epoch - 9ms/step
Epoch 224/250
47/47 - 0s - loss: 0.1266 - accuracy: 0.9668 - val_loss: 0.3194 - val_accuracy: 0.8981 - 400ms/epoch - 9ms/step
Epoch 225/250
47/47 - 0s - loss: 0.1341 - accuracy: 0.9614 - val_loss: 0.2516 - val_accuracy: 0.8796 - 418ms/epoch - 9ms/step
Epoch 226/250
47/47 - 0s - loss: 0.1284 - accuracy: 0.9668 - val_loss: 0.2682 - val_accuracy: 0.9259 - 464ms/epoch - 10ms/step
Epoch 227/250
47/47 - 0s - loss: 0.1245 - accuracy: 0.9707 - val_loss: 0.2718 - val_accuracy: 0.9074 - 403ms/epoch - 9ms/step
Epoch 228/250
47/47 - 0s - loss: 0.1275 - accuracy: 0.9628 - val_loss: 0.2779 - val_accuracy: 0.8889 - 388ms/epoch - 8ms/step
Epoch 229/250
47/47 - 0s - loss: 0.1289 - accuracy: 0.9681 - val_loss: 0.2613 - val_accuracy: 0.9167 - 426ms/epoch - 9ms/step
Epoch 230/250
47/47 - 0s - loss: 0.1248 - accuracy: 0.9628 - val_loss: 0.2482 - val_accuracy: 0.9259 - 397ms/epoch - 8ms/step
Epoch 231/250
47/47 - 0s - loss: 0.1283 - accuracy: 0.9641 - val_loss: 0.2459 - val_accuracy: 0.9074 - 391ms/epoch - 8ms/step
Epoch 232/250
47/47 - 0s - loss: 0.1229 - accuracy: 0.9614 - val_loss: 0.2777 - val_accuracy: 0.8981 - 397ms/epoch - 8ms/step
Epoch 233/250
47/47 - 0s - loss: 0.1260 - accuracy: 0.9641 - val_loss: 0.2862 - val_accuracy: 0.8889 - 392ms/epoch - 8ms/step
Epoch 234/250
47/47 - 0s - loss: 0.1282 - accuracy: 0.9668 - val_loss: 0.2390 - val_accuracy: 0.8796 - 389ms/epoch - 8ms/step
Epoch 235/250
47/47 - 0s - loss: 0.1208 - accuracy: 0.9641 - val_loss: 0.2454 - val_accuracy: 0.9074 - 407ms/epoch - 9ms/step
Epoch 236/250
47/47 - 0s - loss: 0.1220 - accuracy: 0.9694 - val_loss: 0.2309 - val_accuracy: 0.8981 - 420ms/epoch - 9ms/step
Epoch 237/250
47/47 - 0s - loss: 0.1259 - accuracy: 0.9681 - val_loss: 0.2536 - val_accuracy: 0.9259 - 440ms/epoch - 9ms/step
Epoch 238/250
47/47 - 0s - loss: 0.1236 - accuracy: 0.9588 - val_loss: 0.2434 - val_accuracy: 0.9167 - 454ms/epoch - 10ms/step
Epoch 239/250
47/47 - 0s - loss: 0.1169 - accuracy: 0.9668 - val_loss: 0.2740 - val_accuracy: 0.8889 - 452ms/epoch - 10ms/step
Epoch 240/250
47/47 - 0s - loss: 0.1200 - accuracy: 0.9681 - val_loss: 0.2489 - val_accuracy: 0.8981 - 399ms/epoch - 8ms/step
Epoch 241/250
47/47 - 0s - loss: 0.1216 - accuracy: 0.9654 - val_loss: 0.2397 - val_accuracy: 0.8981 - 388ms/epoch - 8ms/step
Epoch 242/250
47/47 - 0s - loss: 0.1180 - accuracy: 0.9681 - val_loss: 0.2306 - val_accuracy: 0.9259 - 402ms/epoch - 9ms/step
Epoch 243/250
47/47 - 0s - loss: 0.1200 - accuracy: 0.9641 - val_loss: 0.2455 - val_accuracy: 0.9259 - 398ms/epoch - 8ms/step
Epoch 244/250
47/47 - 0s - loss: 0.1178 - accuracy: 0.9668 - val_loss: 0.2795 - val_accuracy: 0.9167 - 392ms/epoch - 8ms/step
Epoch 245/250
47/47 - 0s - loss: 0.1170 - accuracy: 0.9654 - val_loss: 0.2421 - val_accuracy: 0.9074 - 407ms/epoch - 9ms/step
Epoch 246/250
47/47 - 0s - loss: 0.1118 - accuracy: 0.9654 - val_loss: 0.2315 - val_accuracy: 0.9259 - 405ms/epoch - 9ms/step
Epoch 247/250
47/47 - 0s - loss: 0.1226 - accuracy: 0.9654 - val_loss: 0.2309 - val_accuracy: 0.9167 - 414ms/epoch - 9ms/step
Epoch 248/250
47/47 - 0s - loss: 0.1139 - accuracy: 0.9654 - val_loss: 0.2338 - val_accuracy: 0.9259 - 407ms/epoch - 9ms/step
Epoch 249/250
47/47 - 0s - loss: 0.1152 - accuracy: 0.9681 - val_loss: 0.2285 - val_accuracy: 0.8981 - 421ms/epoch - 9ms/step
Epoch 250/250
47/47 - 0s - loss: 0.1139 - accuracy: 0.9707 - val_loss: 0.2139 - val_accuracy: 0.9074 - 429ms/epoch - 9ms/step
Finished retraining...
since this is applied data (multiclass classification), we can calculating relative loss and average sparsity
 1/14 [=>............................] - ETA: 1s14/14 [==============================] - 0s 4ms/step
y_test_pred is [[1.90342806e-04 1.74378196e-03 1.76425128e-05 ... 2.96144901e-12
  1.83100357e-09 3.60440282e-07]
 [7.73999975e-09 1.29037180e-05 2.76114133e-16 ... 3.69440089e-03
  1.50959855e-02 9.81193960e-01]
 [8.76963946e-10 4.22246593e-09 1.00000000e+00 ... 8.98754871e-20
  6.07356538e-18 9.28855950e-13]
 ...
 [8.33814964e-03 1.96451411e-09 1.90900160e-11 ... 1.73583366e-02
  5.88398337e-01 6.89146621e-03]
 [8.30961217e-05 9.97189820e-01 2.68537807e-03 ... 2.11557351e-11
  1.28513387e-08 2.76902683e-05]
 [3.29524502e-02 1.48096757e-09 1.06821101e-10 ... 4.11323825e-04
  6.19695755e-03 1.21413235e-04]]
y_test_pred.shape is (216, 8)
ds_train is <_BatchDataset element_spec=(TensorSpec(shape=(16, 77), dtype=tf.float32, name=None), TensorSpec(shape=(16, 8), dtype=tf.float32, name=None))>
ds_train.shape is <_BatchDataset element_spec=(TensorSpec(shape=(16, 77), dtype=tf.float32, name=None), TensorSpec(shape=(16, 8), dtype=tf.float32, name=None))>
y_train is [[0. 0. 0. ... 0. 0. 0.]
 [0. 0. 1. ... 0. 0. 0.]
 [0. 0. 0. ... 0. 1. 0.]
 ...
 [0. 1. 0. ... 0. 0. 0.]
 [0. 0. 0. ... 0. 0. 0.]
 [1. 0. 0. ... 0. 0. 0.]]
y_train.shape is (752, 8)
num_classes is 8
class_id is 0
y_train.shape[0] is 752
y_train[:, class_id] is [0. 0. 0. 0. 0. 0. 1. 0. 1. 1. 0. 0. 0. 0. 0. 0. 0. 0. 0. 0. 0. 0. 0. 0.
 1. 0. 1. 0. 0. 0. 0. 0. 0. 0. 0. 0. 0. 0. 0. 0. 0. 0. 0. 0. 0. 0. 0. 0.
 0. 0. 0. 0. 0. 0. 0. 0. 0. 0. 0. 0. 0. 0. 1. 0. 0. 0. 0. 0. 0. 0. 0. 0.
 0. 1. 0. 0. 0. 0. 0. 0. 0. 0. 0. 0. 1. 0. 0. 0. 0. 0. 0. 0. 0. 0. 0. 1.
 0. 0. 0. 0. 0. 0. 0. 0. 0. 0. 0. 0. 0. 1. 0. 0. 0. 0. 0. 0. 1. 0. 0. 0.
 0. 0. 0. 1. 0. 1. 0. 0. 0. 0. 0. 0. 0. 0. 0. 0. 0. 0. 0. 0. 0. 1. 0. 1.
 0. 0. 0. 0. 1. 0. 0. 0. 0. 1. 0. 0. 0. 1. 0. 0. 0. 0. 0. 0. 0. 0. 0. 1.
 0. 0. 0. 0. 0. 1. 0. 0. 0. 1. 0. 0. 0. 0. 0. 0. 0. 0. 0. 1. 0. 0. 1. 0.
 0. 0. 1. 0. 0. 0. 0. 0. 1. 0. 1. 0. 1. 0. 1. 0. 0. 0. 0. 1. 0. 0. 0. 0.
 0. 0. 0. 0. 0. 1. 0. 0. 0. 0. 0. 0. 0. 0. 0. 0. 0. 1. 1. 0. 1. 0. 0. 1.
 0. 0. 0. 1. 0. 0. 0. 0. 0. 0. 0. 1. 0. 0. 0. 0. 1. 0. 0. 0. 0. 0. 0. 0.
 0. 0. 0. 0. 0. 1. 0. 0. 0. 0. 0. 0. 0. 0. 0. 0. 0. 1. 0. 0. 0. 0. 0. 0.
 0. 0. 0. 0. 0. 0. 1. 0. 0. 0. 0. 0. 0. 0. 0. 0. 0. 0. 0. 0. 1. 0. 0. 0.
 0. 0. 0. 0. 0. 0. 0. 0. 0. 0. 0. 1. 0. 0. 0. 0. 0. 0. 0. 0. 0. 0. 0. 1.
 1. 0. 0. 0. 0. 0. 0. 0. 0. 0. 0. 0. 0. 0. 0. 0. 1. 0. 0. 1. 0. 1. 0. 0.
 0. 0. 0. 1. 0. 0. 0. 0. 0. 0. 0. 0. 0. 0. 0. 0. 0. 0. 0. 0. 0. 0. 1. 0.
 0. 0. 0. 1. 0. 0. 0. 0. 0. 0. 0. 0. 0. 1. 0. 1. 0. 0. 0. 0. 0. 0. 0. 0.
 0. 0. 0. 0. 0. 0. 0. 0. 0. 0. 0. 0. 0. 0. 0. 1. 1. 0. 0. 0. 0. 0. 0. 0.
 0. 0. 0. 0. 0. 0. 0. 0. 1. 0. 0. 0. 0. 0. 0. 1. 0. 0. 0. 0. 0. 0. 0. 0.
 0. 0. 0. 0. 0. 0. 0. 0. 0. 0. 0. 0. 0. 0. 0. 0. 0. 0. 0. 0. 0. 0. 1. 0.
 0. 1. 0. 0. 0. 0. 0. 0. 0. 0. 1. 1. 0. 0. 1. 0. 0. 0. 0. 0. 0. 0. 1. 0.
 0. 0. 0. 0. 0. 0. 0. 0. 0. 0. 0. 0. 0. 0. 0. 0. 0. 0. 0. 0. 0. 0. 0. 0.
 0. 0. 0. 0. 0. 0. 0. 1. 0. 1. 0. 0. 0. 0. 0. 0. 0. 1. 0. 0. 1. 0. 1. 0.
 0. 1. 0. 0. 0. 0. 0. 0. 1. 0. 0. 0. 0. 0. 0. 0. 0. 0. 0. 0. 0. 0. 0. 0.
 1. 0. 0. 0. 1. 1. 1. 0. 1. 1. 0. 0. 0. 0. 0. 0. 0. 0. 0. 0. 0. 0. 1. 0.
 0. 0. 0. 0. 0. 0. 1. 0. 0. 0. 0. 1. 0. 1. 0. 0. 1. 0. 0. 0. 0. 0. 0. 0.
 0. 0. 0. 0. 0. 0. 0. 0. 0. 0. 0. 0. 1. 1. 0. 0. 0. 0. 0. 0. 1. 0. 0. 0.
 0. 0. 0. 0. 0. 0. 0. 0. 1. 0. 0. 0. 0. 0. 0. 0. 0. 0. 0. 0. 0. 0. 0. 1.
 1. 0. 0. 0. 0. 0. 0. 0. 0. 0. 0. 0. 0. 0. 0. 0. 0. 0. 0. 0. 0. 1. 0. 0.
 0. 0. 0. 0. 0. 0. 0. 0. 1. 0. 0. 0. 0. 0. 0. 0. 0. 0. 1. 0. 0. 0. 0. 0.
 0. 0. 0. 0. 1. 0. 0. 0. 0. 0. 0. 0. 0. 1. 0. 0. 0. 0. 0. 0. 0. 0. 0. 1.
 0. 0. 0. 0. 0. 0. 0. 1.]
np.sum(y_train[:, class_id]) is 93.0
5
6
class_id is 1
y_train.shape[0] is 752
y_train[:, class_id] is [0. 0. 0. 0. 0. 0. 0. 0. 0. 0. 0. 0. 1. 0. 0. 1. 0. 0. 0. 0. 0. 0. 0. 0.
 0. 0. 0. 0. 0. 0. 0. 0. 0. 0. 0. 0. 0. 0. 1. 0. 0. 0. 0. 0. 0. 0. 0. 0.
 0. 0. 0. 0. 0. 0. 0. 0. 0. 0. 0. 0. 0. 0. 0. 0. 0. 0. 0. 0. 1. 0. 1. 0.
 0. 0. 0. 0. 0. 1. 0. 0. 0. 0. 0. 0. 0. 0. 0. 0. 0. 0. 0. 1. 1. 0. 0. 0.
 0. 0. 0. 0. 0. 0. 0. 0. 0. 0. 0. 0. 0. 0. 0. 0. 0. 0. 0. 0. 0. 0. 0. 1.
 0. 0. 0. 0. 1. 0. 0. 1. 0. 0. 0. 0. 0. 0. 0. 0. 1. 0. 0. 0. 0. 0. 0. 0.
 0. 0. 0. 0. 0. 0. 0. 1. 0. 0. 0. 0. 0. 0. 0. 1. 0. 1. 0. 0. 0. 1. 0. 0.
 0. 0. 0. 0. 0. 0. 0. 1. 0. 0. 0. 1. 0. 0. 0. 1. 0. 0. 0. 0. 0. 0. 0. 0.
 0. 0. 0. 0. 0. 0. 0. 0. 0. 0. 0. 0. 0. 0. 0. 0. 0. 0. 1. 0. 0. 0. 0. 0.
 1. 0. 0. 0. 0. 0. 0. 0. 0. 0. 0. 0. 0. 0. 0. 0. 0. 0. 0. 0. 0. 0. 1. 0.
 0. 0. 0. 0. 0. 0. 0. 0. 0. 0. 0. 0. 0. 0. 0. 0. 0. 0. 0. 1. 0. 0. 1. 0.
 0. 1. 0. 0. 0. 0. 0. 0. 0. 0. 1. 0. 0. 0. 0. 0. 0. 0. 0. 0. 0. 0. 0. 0.
 0. 0. 0. 0. 0. 0. 0. 0. 0. 0. 1. 0. 0. 0. 0. 0. 0. 1. 0. 0. 0. 1. 1. 0.
 1. 0. 0. 0. 0. 0. 0. 1. 0. 0. 0. 0. 0. 0. 0. 0. 0. 0. 0. 0. 0. 0. 0. 0.
 0. 0. 0. 0. 0. 0. 1. 0. 0. 0. 1. 0. 0. 0. 0. 1. 0. 0. 0. 0. 0. 0. 0. 0.
 0. 0. 1. 0. 0. 0. 0. 0. 0. 0. 0. 0. 0. 0. 0. 0. 0. 0. 0. 0. 0. 0. 0. 0.
 1. 0. 1. 0. 1. 1. 0. 0. 1. 0. 0. 0. 0. 0. 0. 0. 0. 0. 0. 0. 0. 0. 0. 1.
 1. 0. 1. 0. 0. 0. 0. 0. 0. 0. 0. 0. 0. 0. 0. 0. 0. 0. 0. 0. 0. 0. 0. 0.
 0. 0. 0. 1. 0. 0. 0. 0. 0. 0. 1. 1. 0. 0. 0. 0. 0. 0. 0. 0. 0. 1. 1. 0.
 0. 0. 1. 1. 0. 0. 0. 1. 0. 1. 0. 0. 0. 0. 0. 0. 0. 0. 1. 0. 0. 0. 0. 0.
 0. 0. 0. 1. 0. 0. 1. 0. 0. 0. 0. 0. 0. 0. 0. 0. 0. 0. 0. 0. 0. 0. 0. 0.
 0. 0. 0. 0. 1. 0. 0. 1. 0. 0. 0. 0. 0. 0. 0. 0. 0. 0. 0. 0. 1. 0. 0. 0.
 0. 0. 0. 0. 0. 1. 0. 0. 1. 0. 0. 0. 0. 0. 0. 0. 0. 0. 0. 0. 0. 1. 0. 0.
 0. 0. 0. 0. 0. 0. 0. 1. 0. 1. 0. 0. 1. 1. 0. 0. 0. 0. 0. 0. 0. 0. 1. 0.
 0. 0. 0. 0. 0. 0. 0. 1. 0. 0. 0. 0. 0. 0. 0. 0. 1. 0. 0. 0. 0. 0. 0. 0.
 0. 0. 0. 0. 0. 0. 0. 0. 0. 0. 0. 0. 0. 0. 1. 0. 0. 1. 0. 0. 0. 1. 0. 0.
 0. 1. 0. 0. 0. 0. 1. 0. 0. 1. 0. 0. 0. 0. 1. 0. 1. 1. 0. 0. 0. 0. 0. 1.
 0. 0. 1. 0. 1. 0. 0. 0. 0. 1. 0. 0. 0. 0. 0. 0. 0. 1. 0. 0. 0. 0. 0. 0.
 0. 1. 0. 0. 0. 0. 1. 0. 1. 0. 0. 1. 0. 0. 0. 0. 0. 0. 0. 0. 0. 0. 0. 0.
 0. 0. 0. 0. 0. 0. 0. 0. 0. 0. 0. 1. 0. 0. 0. 0. 0. 0. 0. 0. 0. 0. 0. 0.
 0. 0. 0. 0. 0. 0. 0. 0. 1. 1. 0. 0. 1. 0. 0. 0. 0. 0. 0. 0. 0. 0. 0. 0.
 0. 1. 1. 0. 1. 1. 0. 0.]
np.sum(y_train[:, class_id]) is 95.0
5
6
class_id is 2
y_train.shape[0] is 752
y_train[:, class_id] is [0. 1. 0. 0. 0. 1. 0. 0. 0. 0. 0. 0. 0. 0. 0. 0. 1. 0. 0. 1. 0. 0. 1. 0.
 0. 0. 0. 0. 0. 0. 0. 0. 0. 1. 0. 1. 1. 0. 0. 1. 0. 0. 1. 0. 0. 0. 0. 0.
 1. 0. 1. 1. 0. 0. 0. 0. 1. 0. 0. 0. 0. 0. 0. 0. 0. 0. 0. 0. 0. 0. 0. 0.
 0. 0. 0. 0. 0. 0. 0. 1. 0. 0. 0. 0. 0. 1. 1. 0. 0. 0. 0. 0. 0. 0. 0. 0.
 0. 0. 0. 0. 0. 0. 0. 0. 1. 0. 0. 0. 1. 0. 1. 0. 0. 0. 1. 0. 0. 1. 1. 0.
 0. 0. 0. 0. 0. 0. 0. 0. 0. 0. 1. 0. 0. 0. 1. 0. 0. 0. 0. 0. 0. 0. 0. 0.
 0. 0. 0. 0. 0. 0. 0. 0. 0. 0. 0. 1. 0. 0. 0. 0. 1. 0. 0. 0. 1. 0. 0. 0.
 0. 0. 1. 0. 1. 0. 0. 0. 0. 0. 0. 0. 0. 0. 0. 0. 0. 0. 0. 0. 0. 0. 0. 0.
 0. 0. 0. 0. 1. 0. 0. 0. 0. 0. 0. 1. 0. 0. 0. 0. 0. 0. 0. 0. 0. 0. 0. 1.
 0. 0. 0. 0. 0. 0. 1. 0. 0. 0. 0. 0. 1. 0. 1. 1. 0. 0. 0. 0. 0. 0. 0. 0.
 0. 0. 0. 0. 0. 0. 0. 0. 0. 1. 0. 0. 0. 1. 0. 0. 0. 0. 0. 0. 0. 0. 0. 0.
 0. 0. 0. 0. 0. 0. 0. 0. 1. 0. 0. 1. 0. 0. 0. 0. 1. 0. 1. 1. 0. 0. 0. 0.
 0. 1. 0. 0. 0. 0. 0. 0. 0. 1. 0. 0. 0. 0. 0. 0. 0. 0. 0. 0. 0. 0. 0. 0.
 0. 0. 0. 0. 0. 0. 0. 0. 0. 1. 0. 0. 0. 0. 0. 1. 0. 1. 0. 0. 0. 0. 0. 0.
 0. 0. 0. 0. 0. 0. 0. 0. 0. 0. 0. 0. 0. 0. 0. 0. 0. 0. 0. 0. 0. 0. 1. 0.
 0. 1. 0. 0. 0. 0. 0. 0. 0. 0. 1. 0. 1. 0. 0. 0. 0. 0. 0. 0. 0. 0. 0. 1.
 0. 0. 0. 0. 0. 0. 0. 1. 0. 0. 1. 0. 0. 0. 1. 0. 0. 0. 0. 0. 0. 0. 0. 0.
 0. 0. 0. 0. 1. 0. 0. 0. 0. 0. 0. 1. 0. 0. 0. 0. 0. 0. 0. 0. 0. 0. 0. 0.
 1. 1. 1. 0. 1. 0. 0. 0. 0. 0. 0. 0. 0. 0. 0. 0. 1. 0. 0. 0. 0. 0. 0. 0.
 0. 0. 0. 0. 0. 0. 0. 0. 0. 0. 0. 0. 1. 0. 0. 0. 1. 0. 0. 0. 1. 1. 0. 0.
 0. 0. 0. 0. 0. 0. 0. 0. 0. 0. 0. 0. 0. 0. 0. 0. 0. 0. 0. 0. 0. 0. 0. 0.
 0. 0. 0. 0. 0. 0. 0. 0. 0. 1. 1. 0. 0. 0. 0. 0. 1. 0. 0. 1. 0. 0. 0. 0.
 0. 0. 0. 0. 0. 0. 0. 0. 0. 0. 0. 0. 0. 0. 0. 1. 0. 0. 0. 0. 0. 0. 0. 0.
 0. 0. 0. 0. 0. 1. 0. 0. 0. 0. 0. 0. 0. 0. 0. 0. 0. 0. 0. 0. 0. 0. 0. 0.
 0. 0. 0. 0. 0. 0. 0. 0. 0. 0. 1. 0. 0. 0. 0. 0. 0. 0. 1. 1. 1. 0. 0. 0.
 0. 0. 0. 0. 0. 0. 0. 0. 0. 0. 0. 0. 0. 0. 0. 1. 0. 0. 1. 0. 0. 0. 0. 1.
 1. 0. 0. 0. 0. 1. 0. 1. 1. 0. 1. 0. 0. 0. 0. 0. 0. 0. 0. 1. 0. 0. 0. 0.
 0. 1. 0. 0. 0. 0. 0. 0. 0. 0. 0. 1. 0. 1. 0. 0. 0. 0. 0. 0. 0. 0. 0. 0.
 0. 0. 0. 0. 0. 0. 0. 0. 0. 1. 0. 0. 0. 0. 1. 0. 0. 0. 0. 0. 1. 0. 0. 0.
 1. 0. 0. 0. 0. 1. 0. 0. 0. 0. 0. 0. 0. 0. 0. 0. 1. 0. 0. 0. 0. 0. 0. 0.
 1. 0. 0. 0. 0. 0. 0. 0. 0. 0. 0. 0. 0. 0. 0. 0. 0. 0. 0. 0. 0. 0. 0. 0.
 0. 0. 0. 0. 0. 0. 0. 0.]
np.sum(y_train[:, class_id]) is 97.0
5
6
class_id is 3
y_train.shape[0] is 752
y_train[:, class_id] is [0. 0. 0. 0. 0. 0. 0. 0. 0. 0. 1. 0. 0. 0. 1. 0. 0. 0. 0. 0. 1. 1. 0. 0.
 0. 1. 0. 1. 1. 0. 0. 1. 0. 0. 0. 0. 0. 1. 0. 0. 0. 0. 0. 0. 0. 0. 1. 1.
 0. 0. 0. 0. 0. 1. 0. 1. 0. 0. 0. 0. 1. 0. 0. 0. 1. 1. 1. 1. 0. 0. 0. 0.
 0. 0. 0. 0. 0. 0. 0. 0. 0. 0. 0. 1. 0. 0. 0. 0. 0. 0. 0. 0. 0. 1. 0. 0.
 0. 1. 0. 1. 0. 1. 1. 0. 0. 0. 0. 0. 0. 0. 0. 1. 0. 0. 0. 0. 0. 0. 0. 0.
 0. 0. 0. 0. 0. 0. 0. 0. 1. 0. 0. 0. 1. 0. 0. 0. 0. 0. 0. 0. 0. 0. 1. 0.
 0. 0. 0. 0. 0. 1. 1. 0. 1. 0. 0. 0. 1. 0. 0. 0. 0. 0. 0. 0. 0. 0. 0. 0.
 0. 0. 0. 1. 0. 0. 0. 0. 0. 0. 0. 0. 0. 0. 0. 0. 0. 0. 0. 0. 1. 1. 0. 0.
 0. 0. 0. 0. 0. 0. 1. 0. 0. 0. 0. 0. 0. 0. 0. 0. 0. 0. 0. 0. 0. 0. 1. 0.
 0. 0. 0. 0. 0. 0. 0. 0. 0. 0. 0. 0. 0. 0. 0. 0. 0. 0. 0. 0. 0. 0. 0. 0.
 0. 0. 0. 0. 0. 0. 0. 0. 0. 0. 0. 0. 0. 0. 0. 1. 0. 0. 0. 0. 0. 0. 0. 0.
 0. 0. 0. 0. 1. 0. 0. 0. 0. 0. 0. 0. 0. 0. 0. 0. 0. 0. 0. 0. 0. 0. 0. 0.
 0. 0. 0. 0. 0. 0. 0. 0. 1. 0. 0. 0. 0. 0. 0. 0. 0. 0. 0. 1. 0. 0. 0. 0.
 0. 0. 0. 0. 0. 1. 0. 0. 1. 0. 1. 0. 0. 0. 0. 0. 0. 0. 0. 0. 0. 0. 0. 0.
 0. 0. 0. 0. 0. 1. 0. 1. 1. 0. 0. 0. 0. 0. 1. 0. 0. 0. 1. 0. 0. 0. 0. 1.
 0. 0. 0. 0. 0. 1. 0. 0. 0. 0. 0. 0. 0. 0. 0. 0. 0. 1. 0. 0. 0. 0. 0. 0.
 0. 1. 0. 0. 0. 0. 0. 0. 0. 0. 0. 0. 0. 0. 0. 0. 0. 0. 0. 0. 1. 0. 0. 0.
 0. 0. 0. 1. 0. 0. 0. 0. 0. 0. 0. 0. 0. 0. 0. 0. 0. 0. 1. 1. 1. 0. 1. 0.
 0. 0. 0. 0. 0. 1. 0. 0. 0. 0. 0. 0. 1. 0. 0. 0. 0. 0. 1. 0. 0. 0. 0. 0.
 0. 0. 0. 0. 0. 0. 0. 0. 0. 0. 0. 0. 0. 0. 0. 1. 0. 0. 0. 0. 0. 0. 0. 0.
 0. 0. 0. 0. 1. 0. 0. 0. 0. 0. 0. 0. 0. 0. 0. 0. 0. 1. 1. 1. 0. 0. 0. 0.
 0. 0. 1. 0. 0. 0. 0. 0. 0. 0. 0. 0. 0. 0. 0. 0. 0. 1. 1. 0. 0. 0. 0. 0.
 0. 0. 0. 0. 1. 0. 0. 0. 0. 0. 0. 0. 0. 1. 0. 0. 1. 0. 0. 0. 0. 0. 0. 0.
 1. 0. 0. 0. 0. 0. 1. 0. 0. 0. 0. 0. 0. 0. 0. 0. 0. 0. 0. 1. 0. 0. 0. 1.
 0. 0. 0. 0. 0. 0. 0. 0. 0. 0. 0. 0. 0. 0. 0. 0. 0. 1. 0. 0. 0. 0. 0. 0.
 0. 1. 0. 0. 0. 0. 0. 0. 0. 0. 0. 0. 0. 0. 0. 0. 0. 0. 0. 0. 0. 0. 0. 0.
 0. 0. 0. 0. 0. 0. 0. 0. 0. 0. 0. 1. 0. 0. 0. 1. 0. 0. 0. 0. 0. 0. 0. 0.
 0. 0. 0. 0. 0. 0. 0. 1. 0. 0. 1. 0. 0. 0. 0. 1. 0. 0. 0. 0. 0. 1. 0. 0.
 0. 0. 1. 1. 0. 0. 0. 1. 0. 0. 0. 0. 0. 0. 0. 0. 0. 1. 0. 0. 0. 0. 0. 0.
 0. 1. 0. 1. 0. 0. 1. 0. 0. 0. 0. 0. 0. 0. 0. 1. 0. 0. 0. 0. 0. 0. 0. 0.
 0. 0. 0. 1. 0. 1. 0. 0. 0. 0. 0. 1. 0. 0. 1. 0. 1. 0. 0. 0. 0. 0. 1. 0.
 0. 0. 0. 0. 0. 0. 1. 0.]
np.sum(y_train[:, class_id]) is 100.0
5
6
class_id is 4
y_train.shape[0] is 752
y_train[:, class_id] is [1. 0. 0. 0. 0. 0. 0. 0. 0. 0. 0. 1. 0. 1. 0. 0. 0. 0. 0. 0. 0. 0. 0. 1.
 0. 0. 0. 0. 0. 1. 1. 0. 1. 0. 1. 0. 0. 0. 0. 0. 0. 0. 0. 0. 1. 0. 0. 0.
 0. 0. 0. 0. 0. 0. 1. 0. 0. 0. 1. 1. 0. 0. 0. 0. 0. 0. 0. 0. 0. 0. 0. 1.
 0. 0. 1. 0. 0. 0. 0. 0. 0. 0. 1. 0. 0. 0. 0. 0. 0. 0. 0. 0. 0. 0. 0. 0.
 0. 0. 0. 0. 0. 0. 0. 1. 0. 0. 0. 1. 0. 0. 0. 0. 0. 1. 0. 1. 0. 0. 0. 0.
 0. 1. 1. 0. 0. 0. 0. 0. 0. 0. 0. 0. 0. 0. 0. 0. 0. 0. 0. 0. 0. 0. 0. 0.
 0. 0. 0. 1. 0. 0. 0. 0. 0. 0. 0. 0. 0. 0. 0. 0. 0. 0. 0. 0. 0. 0. 0. 0.
 0. 0. 0. 0. 0. 0. 0. 0. 0. 0. 0. 0. 0. 0. 1. 0. 0. 0. 0. 0. 0. 0. 0. 0.
 0. 0. 0. 0. 0. 0. 0. 0. 0. 0. 0. 0. 0. 0. 0. 0. 0. 1. 0. 0. 0. 0. 0. 0.
 0. 1. 1. 0. 1. 0. 0. 1. 0. 0. 0. 0. 0. 0. 0. 0. 0. 0. 0. 1. 0. 1. 0. 0.
 1. 1. 0. 0. 0. 1. 0. 0. 0. 0. 0. 0. 0. 0. 1. 0. 0. 0. 0. 0. 1. 0. 0. 0.
 0. 0. 0. 0. 0. 0. 0. 0. 0. 0. 0. 0. 0. 0. 1. 0. 0. 0. 0. 0. 0. 0. 1. 0.
 0. 0. 0. 0. 0. 0. 0. 0. 0. 0. 0. 0. 0. 0. 0. 0. 0. 0. 0. 0. 0. 0. 0. 0.
 0. 0. 0. 0. 0. 0. 0. 0. 0. 0. 0. 0. 0. 0. 0. 0. 0. 0. 0. 1. 0. 0. 0. 0.
 0. 0. 0. 1. 1. 0. 0. 0. 0. 0. 0. 1. 0. 0. 0. 0. 0. 0. 0. 0. 0. 0. 0. 0.
 0. 0. 0. 0. 1. 0. 0. 0. 0. 1. 0. 1. 0. 0. 0. 0. 1. 0. 0. 0. 0. 0. 0. 0.
 0. 0. 0. 0. 0. 0. 1. 0. 0. 0. 0. 1. 0. 0. 0. 0. 0. 1. 0. 0. 0. 0. 0. 0.
 0. 0. 0. 0. 0. 0. 0. 0. 1. 0. 0. 0. 0. 0. 0. 0. 0. 0. 0. 0. 0. 0. 0. 1.
 0. 0. 0. 0. 0. 0. 1. 0. 0. 0. 0. 0. 0. 0. 0. 0. 0. 0. 0. 0. 0. 0. 0. 0.
 1. 0. 0. 0. 0. 0. 1. 0. 0. 0. 1. 0. 0. 0. 0. 0. 0. 0. 0. 0. 0. 0. 0. 1.
 0. 0. 1. 0. 0. 0. 0. 0. 0. 0. 0. 0. 0. 0. 0. 0. 0. 0. 0. 0. 0. 1. 0. 0.
 0. 1. 0. 0. 0. 0. 0. 0. 0. 0. 0. 0. 1. 0. 1. 0. 0. 0. 0. 0. 0. 0. 0. 0.
 0. 0. 0. 0. 0. 0. 0. 0. 0. 0. 1. 0. 0. 0. 1. 0. 0. 0. 0. 0. 0. 0. 0. 0.
 0. 0. 0. 0. 0. 0. 0. 0. 0. 0. 0. 0. 0. 0. 0. 0. 1. 0. 0. 0. 0. 0. 0. 0.
 0. 0. 0. 0. 0. 0. 0. 0. 0. 0. 0. 1. 1. 0. 0. 0. 0. 0. 0. 0. 0. 1. 0. 1.
 0. 0. 0. 1. 0. 0. 0. 0. 0. 0. 1. 0. 0. 0. 0. 0. 0. 0. 0. 0. 0. 0. 0. 0.
 0. 0. 0. 0. 0. 0. 0. 0. 0. 0. 0. 0. 0. 0. 0. 0. 0. 0. 0. 0. 0. 0. 0. 0.
 0. 0. 0. 0. 0. 0. 0. 0. 0. 0. 0. 0. 0. 0. 0. 0. 0. 0. 0. 0. 0. 0. 0. 0.
 0. 0. 0. 0. 0. 0. 0. 0. 0. 0. 0. 0. 1. 0. 0. 0. 0. 0. 0. 0. 0. 0. 0. 0.
 0. 0. 0. 0. 0. 0. 0. 0. 0. 0. 0. 0. 0. 1. 0. 0. 0. 0. 0. 0. 0. 0. 0. 0.
 0. 0. 0. 0. 0. 0. 0. 0. 0. 0. 0. 0. 0. 0. 0. 0. 0. 1. 0. 0. 0. 0. 0. 0.
 0. 0. 0. 1. 0. 0. 0. 0.]
np.sum(y_train[:, class_id]) is 73.0
5
6
class_id is 5
y_train.shape[0] is 752
y_train[:, class_id] is [0. 0. 0. 0. 1. 0. 0. 0. 0. 0. 0. 0. 0. 0. 0. 0. 0. 0. 0. 0. 0. 0. 0. 0.
 0. 0. 0. 0. 0. 0. 0. 0. 0. 0. 0. 0. 0. 0. 0. 0. 0. 0. 0. 1. 0. 0. 0. 0.
 0. 0. 0. 0. 0. 0. 0. 0. 0. 0. 0. 0. 0. 0. 0. 1. 0. 0. 0. 0. 0. 0. 0. 0.
 0. 0. 0. 1. 1. 0. 1. 0. 0. 1. 0. 0. 0. 0. 0. 1. 0. 0. 0. 0. 0. 0. 1. 0.
 0. 0. 0. 0. 1. 0. 0. 0. 0. 0. 0. 0. 0. 0. 0. 0. 0. 0. 0. 0. 0. 0. 0. 0.
 0. 0. 0. 0. 0. 0. 1. 0. 0. 1. 0. 0. 0. 1. 0. 0. 0. 0. 0. 0. 0. 0. 0. 0.
 0. 1. 1. 0. 0. 0. 0. 0. 0. 0. 0. 0. 0. 0. 0. 0. 0. 0. 0. 1. 0. 0. 1. 0.
 0. 0. 0. 0. 0. 0. 0. 0. 0. 0. 0. 0. 0. 1. 0. 0. 0. 1. 1. 0. 0. 0. 0. 0.
 0. 0. 0. 0. 0. 0. 0. 0. 0. 0. 0. 0. 0. 1. 0. 1. 0. 0. 0. 0. 1. 0. 0. 0.
 0. 0. 0. 0. 0. 0. 0. 0. 0. 1. 1. 0. 0. 1. 0. 0. 1. 0. 0. 0. 0. 0. 0. 0.
 0. 0. 1. 0. 1. 0. 0. 0. 1. 0. 1. 0. 0. 0. 0. 0. 0. 1. 1. 0. 0. 0. 0. 0.
 1. 0. 1. 0. 0. 0. 0. 0. 0. 0. 0. 0. 1. 0. 0. 0. 0. 0. 0. 0. 0. 1. 0. 1.
 0. 0. 0. 1. 1. 0. 0. 0. 0. 0. 0. 0. 0. 0. 0. 1. 0. 0. 0. 0. 0. 0. 0. 1.
 0. 0. 1. 0. 0. 0. 1. 0. 0. 0. 0. 0. 0. 0. 0. 0. 0. 0. 0. 0. 0. 1. 0. 0.
 0. 0. 0. 0. 0. 0. 0. 0. 0. 0. 0. 0. 0. 1. 0. 0. 0. 0. 0. 0. 0. 0. 0. 0.
 1. 0. 0. 0. 0. 0. 0. 0. 0. 0. 0. 0. 0. 1. 0. 0. 0. 0. 0. 1. 0. 0. 0. 0.
 0. 0. 0. 0. 0. 0. 0. 0. 0. 1. 0. 0. 1. 0. 0. 0. 0. 0. 1. 0. 0. 1. 1. 0.
 0. 1. 0. 0. 0. 0. 1. 1. 0. 0. 0. 0. 0. 0. 1. 0. 0. 0. 0. 0. 0. 1. 0. 0.
 0. 0. 0. 0. 0. 0. 0. 0. 0. 0. 0. 0. 0. 0. 0. 0. 0. 0. 0. 0. 0. 0. 0. 0.
 0. 1. 0. 0. 0. 0. 0. 0. 1. 0. 0. 0. 0. 1. 0. 0. 0. 1. 0. 0. 0. 0. 0. 0.
 0. 0. 0. 0. 0. 1. 0. 0. 1. 0. 0. 0. 0. 0. 0. 0. 0. 0. 0. 0. 1. 0. 0. 0.
 0. 0. 0. 0. 0. 1. 0. 0. 0. 0. 0. 0. 0. 0. 0. 0. 0. 0. 0. 0. 0. 0. 0. 0.
 1. 0. 1. 1. 0. 0. 0. 0. 0. 0. 0. 0. 1. 0. 0. 0. 0. 0. 1. 1. 0. 0. 0. 1.
 0. 0. 0. 0. 0. 0. 0. 0. 0. 0. 1. 0. 0. 0. 0. 0. 0. 0. 0. 0. 0. 0. 0. 0.
 0. 0. 1. 1. 0. 0. 0. 0. 0. 0. 0. 0. 0. 1. 0. 0. 0. 0. 0. 0. 0. 0. 0. 0.
 0. 0. 1. 0. 0. 0. 0. 0. 1. 1. 0. 0. 1. 0. 0. 0. 0. 0. 0. 1. 1. 0. 1. 0.
 0. 0. 0. 0. 0. 0. 0. 0. 0. 0. 0. 0. 0. 0. 0. 0. 0. 0. 0. 0. 0. 0. 1. 0.
 0. 0. 0. 1. 0. 0. 0. 0. 0. 0. 0. 0. 1. 0. 1. 0. 0. 0. 1. 0. 0. 0. 1. 0.
 0. 0. 0. 0. 0. 1. 0. 0. 0. 0. 1. 0. 0. 0. 0. 0. 0. 0. 1. 0. 0. 0. 0. 0.
 0. 0. 1. 0. 1. 0. 0. 0. 0. 0. 0. 0. 1. 0. 0. 0. 0. 0. 0. 1. 1. 0. 0. 1.
 0. 0. 1. 0. 0. 0. 0. 0. 0. 0. 1. 0. 0. 0. 0. 0. 0. 0. 0. 1. 0. 1. 0. 0.
 1. 0. 0. 0. 0. 0. 0. 0.]
np.sum(y_train[:, class_id]) is 105.0
5
6
class_id is 6
y_train.shape[0] is 752
y_train[:, class_id] is [0. 0. 1. 0. 0. 0. 0. 0. 0. 0. 0. 0. 0. 0. 0. 0. 0. 0. 1. 0. 0. 0. 0. 0.
 0. 0. 0. 0. 0. 0. 0. 0. 0. 0. 0. 0. 0. 0. 0. 0. 1. 1. 0. 0. 0. 0. 0. 0.
 0. 1. 0. 0. 1. 0. 0. 0. 0. 1. 0. 0. 0. 1. 0. 0. 0. 0. 0. 0. 0. 1. 0. 0.
 0. 0. 0. 0. 0. 0. 0. 0. 0. 0. 0. 0. 0. 0. 0. 0. 0. 0. 0. 0. 0. 0. 0. 0.
 1. 0. 1. 0. 0. 0. 0. 0. 0. 0. 0. 0. 0. 0. 0. 0. 0. 0. 0. 0. 0. 0. 0. 0.
 1. 0. 0. 0. 0. 0. 0. 0. 0. 0. 0. 1. 0. 0. 0. 0. 0. 1. 1. 1. 1. 0. 0. 0.
 0. 0. 0. 0. 0. 0. 0. 0. 0. 0. 1. 0. 0. 0. 1. 0. 0. 0. 0. 0. 0. 0. 0. 0.
 0. 0. 0. 0. 0. 0. 0. 0. 1. 0. 0. 0. 1. 0. 0. 0. 0. 0. 0. 0. 0. 0. 0. 0.
 0. 0. 0. 1. 0. 0. 0. 0. 0. 1. 0. 0. 0. 0. 0. 0. 0. 0. 0. 0. 0. 1. 0. 0.
 0. 0. 0. 0. 0. 0. 0. 0. 1. 0. 0. 0. 0. 0. 0. 0. 0. 0. 0. 0. 0. 0. 0. 0.
 0. 0. 0. 0. 0. 0. 1. 0. 0. 0. 0. 0. 0. 0. 0. 0. 0. 0. 0. 0. 0. 1. 0. 0.
 0. 0. 0. 1. 0. 0. 0. 0. 0. 1. 0. 0. 0. 0. 0. 0. 0. 0. 0. 0. 0. 0. 0. 0.
 1. 0. 0. 0. 0. 1. 0. 1. 0. 0. 0. 0. 1. 1. 1. 0. 0. 0. 1. 0. 0. 0. 0. 0.
 0. 1. 0. 1. 0. 0. 0. 0. 0. 0. 0. 0. 0. 1. 0. 0. 0. 0. 0. 0. 1. 0. 1. 0.
 0. 1. 0. 0. 0. 0. 0. 0. 0. 0. 0. 0. 0. 0. 0. 0. 0. 1. 0. 0. 1. 0. 0. 0.
 0. 0. 0. 0. 0. 0. 0. 1. 0. 0. 0. 0. 0. 0. 0. 1. 0. 0. 0. 0. 0. 0. 0. 0.
 0. 0. 0. 0. 0. 0. 0. 0. 0. 0. 0. 0. 0. 0. 0. 0. 1. 0. 0. 0. 0. 0. 0. 0.
 0. 0. 0. 0. 0. 0. 0. 0. 0. 0. 0. 0. 1. 0. 0. 0. 0. 1. 0. 0. 0. 0. 0. 0.
 0. 0. 0. 0. 0. 0. 0. 0. 0. 0. 0. 0. 0. 1. 0. 0. 0. 0. 0. 0. 1. 0. 0. 1.
 0. 0. 0. 0. 1. 0. 0. 0. 0. 0. 0. 1. 0. 0. 1. 0. 0. 0. 0. 1. 0. 0. 0. 0.
 0. 0. 0. 0. 0. 0. 0. 1. 0. 1. 0. 0. 1. 1. 0. 1. 1. 0. 0. 0. 0. 0. 0. 1.
 1. 0. 0. 0. 0. 0. 0. 0. 0. 0. 0. 1. 0. 0. 0. 1. 0. 0. 0. 0. 0. 1. 0. 0.
 0. 0. 0. 0. 0. 0. 0. 0. 0. 0. 0. 0. 0. 0. 0. 0. 0. 0. 0. 0. 0. 0. 0. 0.
 0. 0. 1. 1. 1. 0. 0. 0. 0. 0. 0. 1. 0. 0. 1. 0. 0. 0. 0. 0. 0. 0. 0. 0.
 0. 1. 0. 0. 0. 0. 0. 0. 0. 0. 0. 0. 0. 0. 1. 0. 0. 0. 0. 0. 0. 0. 0. 0.
 0. 0. 0. 0. 1. 1. 0. 0. 0. 0. 0. 0. 0. 0. 0. 0. 0. 0. 0. 0. 0. 0. 0. 0.
 0. 0. 1. 0. 0. 0. 0. 0. 0. 0. 0. 0. 0. 0. 0. 0. 0. 0. 0. 0. 0. 1. 0. 0.
 0. 0. 0. 0. 0. 0. 1. 0. 0. 0. 0. 0. 0. 0. 0. 0. 1. 0. 0. 0. 0. 0. 0. 0.
 0. 0. 0. 0. 1. 0. 0. 0. 0. 0. 0. 0. 0. 0. 0. 1. 0. 0. 0. 0. 0. 0. 1. 1.
 0. 0. 0. 0. 0. 0. 0. 1. 0. 0. 0. 0. 0. 0. 0. 0. 0. 1. 0. 0. 0. 0. 1. 0.
 0. 0. 0. 0. 0. 0. 1. 1. 0. 0. 0. 0. 0. 0. 0. 0. 0. 0. 1. 0. 0. 0. 0. 0.
 0. 0. 0. 0. 0. 0. 0. 0.]
np.sum(y_train[:, class_id]) is 90.0
5
6
class_id is 7
y_train.shape[0] is 752
y_train[:, class_id] is [0. 0. 0. 1. 0. 0. 0. 1. 0. 0. 0. 0. 0. 0. 0. 0. 0. 1. 0. 0. 0. 0. 0. 0.
 0. 0. 0. 0. 0. 0. 0. 0. 0. 0. 0. 0. 0. 0. 0. 0. 0. 0. 0. 0. 0. 1. 0. 0.
 0. 0. 0. 0. 0. 0. 0. 0. 0. 0. 0. 0. 0. 0. 0. 0. 0. 0. 0. 0. 0. 0. 0. 0.
 1. 0. 0. 0. 0. 0. 0. 0. 1. 0. 0. 0. 0. 0. 0. 0. 1. 1. 1. 0. 0. 0. 0. 0.
 0. 0. 0. 0. 0. 0. 0. 0. 0. 1. 1. 0. 0. 0. 0. 0. 1. 0. 0. 0. 0. 0. 0. 0.
 0. 0. 0. 0. 0. 0. 0. 0. 0. 0. 0. 0. 0. 0. 0. 1. 0. 0. 0. 0. 0. 0. 0. 0.
 1. 0. 0. 0. 0. 0. 0. 0. 0. 0. 0. 0. 0. 0. 0. 0. 0. 0. 1. 0. 0. 0. 0. 0.
 1. 1. 0. 0. 0. 0. 1. 0. 0. 0. 1. 0. 0. 0. 0. 0. 1. 0. 0. 0. 0. 0. 0. 1.
 1. 1. 0. 0. 0. 1. 0. 1. 0. 0. 0. 0. 0. 0. 0. 0. 1. 0. 0. 0. 0. 0. 0. 0.
 0. 0. 0. 1. 0. 0. 0. 0. 0. 0. 0. 1. 0. 0. 0. 0. 0. 0. 0. 0. 0. 0. 0. 0.
 0. 0. 0. 0. 0. 0. 0. 1. 0. 0. 0. 0. 1. 0. 0. 0. 0. 0. 0. 0. 0. 0. 0. 1.
 0. 0. 0. 0. 0. 0. 1. 1. 0. 0. 0. 0. 0. 1. 0. 1. 0. 0. 0. 0. 1. 0. 0. 0.
 0. 0. 1. 0. 0. 0. 0. 0. 0. 0. 0. 1. 0. 0. 0. 0. 1. 0. 0. 0. 0. 0. 0. 0.
 0. 0. 0. 0. 1. 0. 0. 0. 0. 0. 0. 0. 1. 0. 1. 0. 1. 0. 1. 0. 0. 0. 0. 0.
 0. 0. 1. 0. 0. 0. 0. 0. 0. 1. 0. 0. 1. 0. 0. 0. 0. 0. 0. 0. 0. 0. 0. 0.
 0. 0. 0. 0. 0. 0. 1. 0. 1. 0. 0. 0. 0. 0. 1. 0. 0. 0. 1. 0. 1. 1. 0. 0.
 0. 0. 0. 0. 0. 0. 0. 0. 0. 0. 0. 0. 0. 0. 0. 0. 0. 0. 0. 1. 0. 0. 0. 0.
 0. 0. 0. 0. 0. 1. 0. 0. 0. 1. 1. 0. 0. 1. 0. 0. 0. 0. 0. 0. 0. 0. 0. 0.
 0. 0. 0. 0. 0. 0. 0. 1. 0. 1. 0. 0. 0. 0. 1. 0. 0. 1. 0. 1. 0. 0. 0. 0.
 0. 0. 0. 0. 0. 1. 0. 0. 0. 0. 0. 0. 0. 0. 0. 0. 0. 0. 0. 0. 0. 0. 0. 0.
 1. 0. 0. 0. 0. 0. 0. 0. 0. 0. 0. 0. 0. 0. 0. 0. 0. 0. 0. 0. 0. 0. 0. 0.
 0. 0. 0. 1. 0. 0. 1. 0. 1. 0. 0. 0. 0. 1. 0. 0. 0. 0. 0. 0. 0. 0. 1. 1.
 0. 1. 0. 0. 0. 0. 1. 0. 0. 0. 0. 1. 0. 0. 0. 0. 0. 0. 0. 0. 0. 0. 0. 0.
 0. 0. 0. 0. 0. 0. 0. 0. 0. 0. 0. 0. 0. 0. 0. 1. 0. 1. 1. 0. 1. 1. 0. 0.
 0. 0. 0. 0. 0. 0. 0. 0. 0. 0. 0. 0. 0. 0. 0. 1. 0. 0. 0. 0. 0. 0. 0. 0.
 1. 0. 0. 0. 0. 0. 0. 1. 0. 0. 0. 0. 0. 0. 0. 0. 0. 0. 0. 0. 0. 0. 0. 0.
 0. 0. 0. 1. 1. 0. 0. 0. 0. 0. 0. 0. 0. 0. 0. 0. 0. 0. 1. 0. 0. 0. 0. 0.
 1. 0. 0. 0. 0. 1. 0. 0. 0. 0. 0. 0. 0. 0. 0. 0. 0. 0. 0. 1. 1. 0. 0. 0.
 0. 0. 0. 0. 0. 0. 0. 0. 0. 0. 0. 0. 0. 1. 0. 0. 1. 0. 0. 1. 0. 0. 0. 0.
 0. 0. 0. 0. 0. 0. 0. 0. 0. 1. 1. 0. 0. 0. 1. 0. 0. 0. 0. 0. 0. 1. 0. 0.
 0. 1. 0. 0. 0. 0. 0. 0. 0. 0. 0. 0. 0. 0. 0. 1. 0. 0. 0. 0. 1. 0. 0. 0.
 0. 0. 0. 0. 0. 0. 0. 0.]
np.sum(y_train[:, class_id]) is 99.0
5
6
y_pred_baseline_proba is [[0.12367021 0.12632979 0.12898936 ... 0.13962766 0.11968085 0.13164894]
 [0.12367021 0.12632979 0.12898936 ... 0.13962766 0.11968085 0.13164894]
 [0.12367021 0.12632979 0.12898936 ... 0.13962766 0.11968085 0.13164894]
 ...
 [0.12367021 0.12632979 0.12898936 ... 0.13962766 0.11968085 0.13164894]
 [0.12367021 0.12632979 0.12898936 ... 0.13962766 0.11968085 0.13164894]
 [0.12367021 0.12632979 0.12898936 ... 0.13962766 0.11968085 0.13164894]]
y_pred_baseline_proba.shape is (216, 8)
y_test is [[0 0 0 ... 0 0 0]
 [0 0 0 ... 0 0 1]
 [0 0 1 ... 0 0 0]
 ...
 [0 0 0 ... 0 1 0]
 [0 1 0 ... 0 0 0]
 [0 0 0 ... 0 0 0]]
y_test.shape is (216, 8)
calculating cross entropy loss for categorical response
loss is 0.023987260891649893
loss_baseline is 0.25974311178642634
relative loss is 0.09234994039562215
1/7 [===>..........................] - ETA: 0s - loss: 0.2576 - accuracy: 0.87507/7 [==============================] - 0s 5ms/step - loss: 0.2139 - accuracy: 0.9074
 1/14 [=>............................] - ETA: 0s - loss: 0.0968 - accuracy: 1.000011/14 [======================>.......] - ETA: 0s - loss: 0.1868 - accuracy: 0.926114/14 [==============================] - 0s 7ms/step - loss: 0.1919 - accuracy: 0.9167
sparsity is 0.6493506493506493
{'val': 0.9074, 'test': 0.9167, 'relative_loss': 0.0923, 'sparsity': 0.6494}
2024-12-07 17:02:20.124328: I metal_plugin/src/device/metal_device.cc:1154] Metal device set to: Apple M1
2024-12-07 17:02:20.124374: I metal_plugin/src/device/metal_device.cc:296] systemMemory: 8.00 GB
2024-12-07 17:02:20.124389: I metal_plugin/src/device/metal_device.cc:313] maxCacheSize: 2.67 GB
2024-12-07 17:02:20.124748: I tensorflow/core/common_runtime/pluggable_device/pluggable_device_factory.cc:306] Could not identify NUMA node of platform GPU ID 0, defaulting to 0. Your kernel may not have been built with NUMA support.
2024-12-07 17:02:20.125155: I tensorflow/core/common_runtime/pluggable_device/pluggable_device_factory.cc:272] Created TensorFlow device (/job:localhost/replica:0/task:0/device:GPU:0 with 0 MB memory) -> physical PluggableDevice (device: 0, name: METAL, pci bus id: <undefined>)
2024-12-07 17:02:21.165352: I tensorflow/core/grappler/optimizers/custom_graph_optimizer_registry.cc:117] Plugin optimizer for device_type GPU is enabled.
Selected 50 features
Selected mask: array([0, 1, 1, 0, 1, 0, 0, 0, 0, 0, 0, 0, 1, 0, 1, 1, 0, 1, 0, 0, 1, 1,
       0, 1, 0, 0, 0, 0, 1, 0, 1, 1, 0, 0, 1, 0, 0, 0, 0, 0, 1, 1, 0, 1,
       1, 1, 1, 1, 1, 1, 1, 1, 1, 1, 1, 1, 1, 1, 1, 1, 1, 1, 1, 1, 1, 1,
       1, 1, 1, 1, 1, 1, 1, 1, 1, 1, 1], dtype=int32)


